{"numFailedTestSuites":4,"numFailedTests":32,"numPassedTestSuites":1,"numPassedTests":59,"numPendingTestSuites":0,"numPendingTests":0,"numRuntimeErrorTestSuites":0,"numTodoTests":0,"numTotalTestSuites":5,"numTotalTests":91,"openHandles":[],"snapshot":{"added":0,"didUpdate":false,"failure":false,"filesAdded":0,"filesRemoved":0,"filesRemovedList":[],"filesUnmatched":0,"filesUpdated":0,"matched":0,"total":0,"unchecked":0,"uncheckedKeysByFile":[],"unmatched":0,"updated":0},"startTime":1761801331842,"success":false,"testResults":[{"assertionResults":[{"ancestorTitles":["ExamplesCarousel","Rendering"],"duration":116,"failureDetails":[],"failureMessages":[],"fullName":"ExamplesCarousel Rendering should render title and subtitle","invocations":1,"location":null,"numPassingAsserts":2,"retryReasons":[],"status":"passed","title":"should render title and subtitle"},{"ancestorTitles":["ExamplesCarousel","Rendering"],"duration":21,"failureDetails":[],"failureMessages":[],"fullName":"ExamplesCarousel Rendering should render all three example cards","invocations":1,"location":null,"numPassingAsserts":3,"retryReasons":[],"status":"passed","title":"should render all three example cards"},{"ancestorTitles":["ExamplesCarousel","Rendering"],"duration":29,"failureDetails":[],"failureMessages":[],"fullName":"ExamplesCarousel Rendering should render descriptions for each example","invocations":1,"location":null,"numPassingAsserts":3,"retryReasons":[],"status":"passed","title":"should render descriptions for each example"},{"ancestorTitles":["ExamplesCarousel","Rendering"],"duration":27,"failureDetails":[],"failureMessages":[],"fullName":"ExamplesCarousel Rendering should render icons for each example","invocations":1,"location":null,"numPassingAsserts":3,"retryReasons":[],"status":"passed","title":"should render icons for each example"},{"ancestorTitles":["ExamplesCarousel","Selection"],"duration":139,"failureDetails":[],"failureMessages":[],"fullName":"ExamplesCarousel Selection should call onExampleSelect when card is clicked","invocations":1,"location":null,"numPassingAsserts":2,"retryReasons":[],"status":"passed","title":"should call onExampleSelect when card is clicked"},{"ancestorTitles":["ExamplesCarousel","Selection"],"duration":43,"failureDetails":[],"failureMessages":[],"fullName":"ExamplesCarousel Selection should select different examples","invocations":1,"location":null,"numPassingAsserts":1,"retryReasons":[],"status":"passed","title":"should select different examples"},{"ancestorTitles":["ExamplesCarousel","Selection"],"duration":37,"failureDetails":[],"failureMessages":[],"fullName":"ExamplesCarousel Selection should add selected class to clicked card","invocations":1,"location":null,"numPassingAsserts":1,"retryReasons":[],"status":"passed","title":"should add selected class to clicked card"},{"ancestorTitles":["ExamplesCarousel","Selection"],"duration":50,"failureDetails":[],"failureMessages":[],"fullName":"ExamplesCarousel Selection should only have one selected card at a time","invocations":1,"location":null,"numPassingAsserts":3,"retryReasons":[],"status":"passed","title":"should only have one selected card at a time"},{"ancestorTitles":["ExamplesCarousel","Keyboard Navigation"],"duration":40,"failureDetails":[],"failureMessages":[],"fullName":"ExamplesCarousel Keyboard Navigation should select example on Enter key","invocations":1,"location":null,"numPassingAsserts":1,"retryReasons":[],"status":"passed","title":"should select example on Enter key"},{"ancestorTitles":["ExamplesCarousel","Keyboard Navigation"],"duration":35,"failureDetails":[],"failureMessages":[],"fullName":"ExamplesCarousel Keyboard Navigation should select example on Space key","invocations":1,"location":null,"numPassingAsserts":1,"retryReasons":[],"status":"passed","title":"should select example on Space key"},{"ancestorTitles":["ExamplesCarousel","Keyboard Navigation"],"duration":29,"failureDetails":[],"failureMessages":[],"fullName":"ExamplesCarousel Keyboard Navigation should be focusable with tabIndex","invocations":1,"location":null,"numPassingAsserts":3,"retryReasons":[],"status":"passed","title":"should be focusable with tabIndex"},{"ancestorTitles":["ExamplesCarousel","Accessibility"],"duration":25,"failureDetails":[],"failureMessages":[],"fullName":"ExamplesCarousel Accessibility should have region role with labelledby","invocations":1,"location":null,"numPassingAsserts":1,"retryReasons":[],"status":"passed","title":"should have region role with labelledby"},{"ancestorTitles":["ExamplesCarousel","Accessibility"],"duration":28,"failureDetails":[],"failureMessages":[],"fullName":"ExamplesCarousel Accessibility should have list role for grid","invocations":1,"location":null,"numPassingAsserts":1,"retryReasons":[],"status":"passed","title":"should have list role for grid"},{"ancestorTitles":["ExamplesCarousel","Accessibility"],"duration":38,"failureDetails":[],"failureMessages":[],"fullName":"ExamplesCarousel Accessibility should have listitem role for each card","invocations":1,"location":null,"numPassingAsserts":1,"retryReasons":[],"status":"passed","title":"should have listitem role for each card"},{"ancestorTitles":["ExamplesCarousel","Accessibility"],"duration":24,"failureDetails":[],"failureMessages":[],"fullName":"ExamplesCarousel Accessibility should have accessible names for cards","invocations":1,"location":null,"numPassingAsserts":1,"retryReasons":[],"status":"passed","title":"should have accessible names for cards"},{"ancestorTitles":["ExamplesCarousel","Accessibility"],"duration":36,"failureDetails":[],"failureMessages":[],"fullName":"ExamplesCarousel Accessibility should announce selection to screen readers","invocations":1,"location":null,"numPassingAsserts":1,"retryReasons":[],"status":"passed","title":"should announce selection to screen readers"},{"ancestorTitles":["ExamplesCarousel","Content"],"duration":26,"failureDetails":[],"failureMessages":[],"fullName":"ExamplesCarousel Content should provide full content for each example","invocations":1,"location":null,"numPassingAsserts":2,"retryReasons":[],"status":"passed","title":"should provide full content for each example"}],"endTime":1761801335777,"message":"","name":"/home/athanase-matabaro/Dev/CA/FractaMind/src/components/ExamplesCarousel/ExamplesCarousel.test.jsx","startTime":1761801333067,"status":"passed","summary":""},{"assertionResults":[{"ancestorTitles":["FractalSeed","Rendering"],"duration":139,"failureDetails":[{}],"failureMessages":["TypeError: window.matchMedia is not a function\n    at matchMedia (/home/athanase-matabaro/Dev/CA/FractaMind/src/components/FractalSeed/FractalSeed.jsx:43:16)\n    at renderWithHooks (/home/athanase-matabaro/Dev/CA/FractaMind/node_modules/react-dom/cjs/react-dom.development.js:15486:18)\n    at mountIndeterminateComponent (/home/athanase-matabaro/Dev/CA/FractaMind/node_modules/react-dom/cjs/react-dom.development.js:20103:13)\n    at beginWork (/home/athanase-matabaro/Dev/CA/FractaMind/node_modules/react-dom/cjs/react-dom.development.js:21626:16)\n    at beginWork$1 (/home/athanase-matabaro/Dev/CA/FractaMind/node_modules/react-dom/cjs/react-dom.development.js:27465:14)\n    at performUnitOfWork (/home/athanase-matabaro/Dev/CA/FractaMind/node_modules/react-dom/cjs/react-dom.development.js:26599:12)\n    at workLoopSync (/home/athanase-matabaro/Dev/CA/FractaMind/node_modules/react-dom/cjs/react-dom.development.js:26505:5)\n    at renderRootSync (/home/athanase-matabaro/Dev/CA/FractaMind/node_modules/react-dom/cjs/react-dom.development.js:26473:7)\n    at recoverFromConcurrentError (/home/athanase-matabaro/Dev/CA/FractaMind/node_modules/react-dom/cjs/react-dom.development.js:25889:20)\n    at performConcurrentWorkOnRoot (/home/athanase-matabaro/Dev/CA/FractaMind/node_modules/react-dom/cjs/react-dom.development.js:25789:22)\n    at flushActQueue (/home/athanase-matabaro/Dev/CA/FractaMind/node_modules/react/cjs/react.development.js:2667:24)\n    at act (/home/athanase-matabaro/Dev/CA/FractaMind/node_modules/react/cjs/react.development.js:2582:11)\n    at /home/athanase-matabaro/Dev/CA/FractaMind/node_modules/@testing-library/react/dist/act-compat.js:47:25\n    at renderRoot (/home/athanase-matabaro/Dev/CA/FractaMind/node_modules/@testing-library/react/dist/pure.js:190:26)\n    at render (/home/athanase-matabaro/Dev/CA/FractaMind/node_modules/@testing-library/react/dist/pure.js:292:10)\n    at Object.<anonymous> (/home/athanase-matabaro/Dev/CA/FractaMind/src/components/FractalSeed/FractalSeed.test.jsx:8:13)\n    at Promise.then.completed (/home/athanase-matabaro/Dev/CA/FractaMind/node_modules/jest-circus/build/utils.js:298:28)\n    at new Promise (<anonymous>)\n    at callAsyncCircusFn (/home/athanase-matabaro/Dev/CA/FractaMind/node_modules/jest-circus/build/utils.js:231:10)\n    at _callCircusTest (/home/athanase-matabaro/Dev/CA/FractaMind/node_modules/jest-circus/build/run.js:316:40)\n    at processTicksAndRejections (node:internal/process/task_queues:105:5)\n    at _runTest (/home/athanase-matabaro/Dev/CA/FractaMind/node_modules/jest-circus/build/run.js:252:3)\n    at _runTestsForDescribeBlock (/home/athanase-matabaro/Dev/CA/FractaMind/node_modules/jest-circus/build/run.js:126:9)\n    at _runTestsForDescribeBlock (/home/athanase-matabaro/Dev/CA/FractaMind/node_modules/jest-circus/build/run.js:121:9)\n    at _runTestsForDescribeBlock (/home/athanase-matabaro/Dev/CA/FractaMind/node_modules/jest-circus/build/run.js:121:9)\n    at run (/home/athanase-matabaro/Dev/CA/FractaMind/node_modules/jest-circus/build/run.js:71:3)\n    at runAndTransformResultsToJestFormat (/home/athanase-matabaro/Dev/CA/FractaMind/node_modules/jest-circus/build/legacy-code-todo-rewrite/jestAdapterInit.js:122:21)\n    at jestAdapter (/home/athanase-matabaro/Dev/CA/FractaMind/node_modules/jest-circus/build/legacy-code-todo-rewrite/jestAdapter.js:79:19)\n    at runTestInternal (/home/athanase-matabaro/Dev/CA/FractaMind/node_modules/jest-runner/build/runTest.js:367:16)\n    at runTest (/home/athanase-matabaro/Dev/CA/FractaMind/node_modules/jest-runner/build/runTest.js:444:34)\n    at Object.worker (/home/athanase-matabaro/Dev/CA/FractaMind/node_modules/jest-runner/build/testWorker.js:106:12)"],"fullName":"FractalSeed Rendering should render SVG with correct dimensions","invocations":1,"location":null,"numPassingAsserts":0,"retryReasons":[],"status":"failed","title":"should render SVG with correct dimensions"},{"ancestorTitles":["FractalSeed","Rendering"],"duration":24,"failureDetails":[{}],"failureMessages":["TypeError: window.matchMedia is not a function\n    at matchMedia (/home/athanase-matabaro/Dev/CA/FractaMind/src/components/FractalSeed/FractalSeed.jsx:43:16)\n    at renderWithHooks (/home/athanase-matabaro/Dev/CA/FractaMind/node_modules/react-dom/cjs/react-dom.development.js:15486:18)\n    at mountIndeterminateComponent (/home/athanase-matabaro/Dev/CA/FractaMind/node_modules/react-dom/cjs/react-dom.development.js:20103:13)\n    at beginWork (/home/athanase-matabaro/Dev/CA/FractaMind/node_modules/react-dom/cjs/react-dom.development.js:21626:16)\n    at beginWork$1 (/home/athanase-matabaro/Dev/CA/FractaMind/node_modules/react-dom/cjs/react-dom.development.js:27465:14)\n    at performUnitOfWork (/home/athanase-matabaro/Dev/CA/FractaMind/node_modules/react-dom/cjs/react-dom.development.js:26599:12)\n    at workLoopSync (/home/athanase-matabaro/Dev/CA/FractaMind/node_modules/react-dom/cjs/react-dom.development.js:26505:5)\n    at renderRootSync (/home/athanase-matabaro/Dev/CA/FractaMind/node_modules/react-dom/cjs/react-dom.development.js:26473:7)\n    at recoverFromConcurrentError (/home/athanase-matabaro/Dev/CA/FractaMind/node_modules/react-dom/cjs/react-dom.development.js:25889:20)\n    at performConcurrentWorkOnRoot (/home/athanase-matabaro/Dev/CA/FractaMind/node_modules/react-dom/cjs/react-dom.development.js:25789:22)\n    at flushActQueue (/home/athanase-matabaro/Dev/CA/FractaMind/node_modules/react/cjs/react.development.js:2667:24)\n    at act (/home/athanase-matabaro/Dev/CA/FractaMind/node_modules/react/cjs/react.development.js:2582:11)\n    at /home/athanase-matabaro/Dev/CA/FractaMind/node_modules/@testing-library/react/dist/act-compat.js:47:25\n    at renderRoot (/home/athanase-matabaro/Dev/CA/FractaMind/node_modules/@testing-library/react/dist/pure.js:190:26)\n    at render (/home/athanase-matabaro/Dev/CA/FractaMind/node_modules/@testing-library/react/dist/pure.js:292:10)\n    at Object.<anonymous> (/home/athanase-matabaro/Dev/CA/FractaMind/src/components/FractalSeed/FractalSeed.test.jsx:17:13)\n    at Promise.then.completed (/home/athanase-matabaro/Dev/CA/FractaMind/node_modules/jest-circus/build/utils.js:298:28)\n    at new Promise (<anonymous>)\n    at callAsyncCircusFn (/home/athanase-matabaro/Dev/CA/FractaMind/node_modules/jest-circus/build/utils.js:231:10)\n    at _callCircusTest (/home/athanase-matabaro/Dev/CA/FractaMind/node_modules/jest-circus/build/run.js:316:40)\n    at processTicksAndRejections (node:internal/process/task_queues:105:5)\n    at _runTest (/home/athanase-matabaro/Dev/CA/FractaMind/node_modules/jest-circus/build/run.js:252:3)\n    at _runTestsForDescribeBlock (/home/athanase-matabaro/Dev/CA/FractaMind/node_modules/jest-circus/build/run.js:126:9)\n    at _runTestsForDescribeBlock (/home/athanase-matabaro/Dev/CA/FractaMind/node_modules/jest-circus/build/run.js:121:9)\n    at _runTestsForDescribeBlock (/home/athanase-matabaro/Dev/CA/FractaMind/node_modules/jest-circus/build/run.js:121:9)\n    at run (/home/athanase-matabaro/Dev/CA/FractaMind/node_modules/jest-circus/build/run.js:71:3)\n    at runAndTransformResultsToJestFormat (/home/athanase-matabaro/Dev/CA/FractaMind/node_modules/jest-circus/build/legacy-code-todo-rewrite/jestAdapterInit.js:122:21)\n    at jestAdapter (/home/athanase-matabaro/Dev/CA/FractaMind/node_modules/jest-circus/build/legacy-code-todo-rewrite/jestAdapter.js:79:19)\n    at runTestInternal (/home/athanase-matabaro/Dev/CA/FractaMind/node_modules/jest-runner/build/runTest.js:367:16)\n    at runTest (/home/athanase-matabaro/Dev/CA/FractaMind/node_modules/jest-runner/build/runTest.js:444:34)\n    at Object.worker (/home/athanase-matabaro/Dev/CA/FractaMind/node_modules/jest-runner/build/testWorker.js:106:12)"],"fullName":"FractalSeed Rendering should render with custom color","invocations":1,"location":null,"numPassingAsserts":0,"retryReasons":[],"status":"failed","title":"should render with custom color"},{"ancestorTitles":["FractalSeed","Rendering"],"duration":23,"failureDetails":[{}],"failureMessages":["TypeError: window.matchMedia is not a function\n    at matchMedia (/home/athanase-matabaro/Dev/CA/FractaMind/src/components/FractalSeed/FractalSeed.jsx:43:16)\n    at renderWithHooks (/home/athanase-matabaro/Dev/CA/FractaMind/node_modules/react-dom/cjs/react-dom.development.js:15486:18)\n    at mountIndeterminateComponent (/home/athanase-matabaro/Dev/CA/FractaMind/node_modules/react-dom/cjs/react-dom.development.js:20103:13)\n    at beginWork (/home/athanase-matabaro/Dev/CA/FractaMind/node_modules/react-dom/cjs/react-dom.development.js:21626:16)\n    at beginWork$1 (/home/athanase-matabaro/Dev/CA/FractaMind/node_modules/react-dom/cjs/react-dom.development.js:27465:14)\n    at performUnitOfWork (/home/athanase-matabaro/Dev/CA/FractaMind/node_modules/react-dom/cjs/react-dom.development.js:26599:12)\n    at workLoopSync (/home/athanase-matabaro/Dev/CA/FractaMind/node_modules/react-dom/cjs/react-dom.development.js:26505:5)\n    at renderRootSync (/home/athanase-matabaro/Dev/CA/FractaMind/node_modules/react-dom/cjs/react-dom.development.js:26473:7)\n    at recoverFromConcurrentError (/home/athanase-matabaro/Dev/CA/FractaMind/node_modules/react-dom/cjs/react-dom.development.js:25889:20)\n    at performConcurrentWorkOnRoot (/home/athanase-matabaro/Dev/CA/FractaMind/node_modules/react-dom/cjs/react-dom.development.js:25789:22)\n    at flushActQueue (/home/athanase-matabaro/Dev/CA/FractaMind/node_modules/react/cjs/react.development.js:2667:24)\n    at act (/home/athanase-matabaro/Dev/CA/FractaMind/node_modules/react/cjs/react.development.js:2582:11)\n    at /home/athanase-matabaro/Dev/CA/FractaMind/node_modules/@testing-library/react/dist/act-compat.js:47:25\n    at renderRoot (/home/athanase-matabaro/Dev/CA/FractaMind/node_modules/@testing-library/react/dist/pure.js:190:26)\n    at render (/home/athanase-matabaro/Dev/CA/FractaMind/node_modules/@testing-library/react/dist/pure.js:292:10)\n    at Object.<anonymous> (/home/athanase-matabaro/Dev/CA/FractaMind/src/components/FractalSeed/FractalSeed.test.jsx:24:13)\n    at Promise.then.completed (/home/athanase-matabaro/Dev/CA/FractaMind/node_modules/jest-circus/build/utils.js:298:28)\n    at new Promise (<anonymous>)\n    at callAsyncCircusFn (/home/athanase-matabaro/Dev/CA/FractaMind/node_modules/jest-circus/build/utils.js:231:10)\n    at _callCircusTest (/home/athanase-matabaro/Dev/CA/FractaMind/node_modules/jest-circus/build/run.js:316:40)\n    at processTicksAndRejections (node:internal/process/task_queues:105:5)\n    at _runTest (/home/athanase-matabaro/Dev/CA/FractaMind/node_modules/jest-circus/build/run.js:252:3)\n    at _runTestsForDescribeBlock (/home/athanase-matabaro/Dev/CA/FractaMind/node_modules/jest-circus/build/run.js:126:9)\n    at _runTestsForDescribeBlock (/home/athanase-matabaro/Dev/CA/FractaMind/node_modules/jest-circus/build/run.js:121:9)\n    at _runTestsForDescribeBlock (/home/athanase-matabaro/Dev/CA/FractaMind/node_modules/jest-circus/build/run.js:121:9)\n    at run (/home/athanase-matabaro/Dev/CA/FractaMind/node_modules/jest-circus/build/run.js:71:3)\n    at runAndTransformResultsToJestFormat (/home/athanase-matabaro/Dev/CA/FractaMind/node_modules/jest-circus/build/legacy-code-todo-rewrite/jestAdapterInit.js:122:21)\n    at jestAdapter (/home/athanase-matabaro/Dev/CA/FractaMind/node_modules/jest-circus/build/legacy-code-todo-rewrite/jestAdapter.js:79:19)\n    at runTestInternal (/home/athanase-matabaro/Dev/CA/FractaMind/node_modules/jest-runner/build/runTest.js:367:16)\n    at runTest (/home/athanase-matabaro/Dev/CA/FractaMind/node_modules/jest-runner/build/runTest.js:444:34)\n    at Object.worker (/home/athanase-matabaro/Dev/CA/FractaMind/node_modules/jest-runner/build/testWorker.js:106:12)"],"fullName":"FractalSeed Rendering should have ARIA label","invocations":1,"location":null,"numPassingAsserts":0,"retryReasons":[],"status":"failed","title":"should have ARIA label"},{"ancestorTitles":["FractalSeed","Rendering"],"duration":22,"failureDetails":[{}],"failureMessages":["TypeError: window.matchMedia is not a function\n    at matchMedia (/home/athanase-matabaro/Dev/CA/FractaMind/src/components/FractalSeed/FractalSeed.jsx:43:16)\n    at renderWithHooks (/home/athanase-matabaro/Dev/CA/FractaMind/node_modules/react-dom/cjs/react-dom.development.js:15486:18)\n    at mountIndeterminateComponent (/home/athanase-matabaro/Dev/CA/FractaMind/node_modules/react-dom/cjs/react-dom.development.js:20103:13)\n    at beginWork (/home/athanase-matabaro/Dev/CA/FractaMind/node_modules/react-dom/cjs/react-dom.development.js:21626:16)\n    at beginWork$1 (/home/athanase-matabaro/Dev/CA/FractaMind/node_modules/react-dom/cjs/react-dom.development.js:27465:14)\n    at performUnitOfWork (/home/athanase-matabaro/Dev/CA/FractaMind/node_modules/react-dom/cjs/react-dom.development.js:26599:12)\n    at workLoopSync (/home/athanase-matabaro/Dev/CA/FractaMind/node_modules/react-dom/cjs/react-dom.development.js:26505:5)\n    at renderRootSync (/home/athanase-matabaro/Dev/CA/FractaMind/node_modules/react-dom/cjs/react-dom.development.js:26473:7)\n    at recoverFromConcurrentError (/home/athanase-matabaro/Dev/CA/FractaMind/node_modules/react-dom/cjs/react-dom.development.js:25889:20)\n    at performConcurrentWorkOnRoot (/home/athanase-matabaro/Dev/CA/FractaMind/node_modules/react-dom/cjs/react-dom.development.js:25789:22)\n    at flushActQueue (/home/athanase-matabaro/Dev/CA/FractaMind/node_modules/react/cjs/react.development.js:2667:24)\n    at act (/home/athanase-matabaro/Dev/CA/FractaMind/node_modules/react/cjs/react.development.js:2582:11)\n    at /home/athanase-matabaro/Dev/CA/FractaMind/node_modules/@testing-library/react/dist/act-compat.js:47:25\n    at renderRoot (/home/athanase-matabaro/Dev/CA/FractaMind/node_modules/@testing-library/react/dist/pure.js:190:26)\n    at render (/home/athanase-matabaro/Dev/CA/FractaMind/node_modules/@testing-library/react/dist/pure.js:292:10)\n    at Object.<anonymous> (/home/athanase-matabaro/Dev/CA/FractaMind/src/components/FractalSeed/FractalSeed.test.jsx:34:13)\n    at Promise.then.completed (/home/athanase-matabaro/Dev/CA/FractaMind/node_modules/jest-circus/build/utils.js:298:28)\n    at new Promise (<anonymous>)\n    at callAsyncCircusFn (/home/athanase-matabaro/Dev/CA/FractaMind/node_modules/jest-circus/build/utils.js:231:10)\n    at _callCircusTest (/home/athanase-matabaro/Dev/CA/FractaMind/node_modules/jest-circus/build/run.js:316:40)\n    at processTicksAndRejections (node:internal/process/task_queues:105:5)\n    at _runTest (/home/athanase-matabaro/Dev/CA/FractaMind/node_modules/jest-circus/build/run.js:252:3)\n    at _runTestsForDescribeBlock (/home/athanase-matabaro/Dev/CA/FractaMind/node_modules/jest-circus/build/run.js:126:9)\n    at _runTestsForDescribeBlock (/home/athanase-matabaro/Dev/CA/FractaMind/node_modules/jest-circus/build/run.js:121:9)\n    at _runTestsForDescribeBlock (/home/athanase-matabaro/Dev/CA/FractaMind/node_modules/jest-circus/build/run.js:121:9)\n    at run (/home/athanase-matabaro/Dev/CA/FractaMind/node_modules/jest-circus/build/run.js:71:3)\n    at runAndTransformResultsToJestFormat (/home/athanase-matabaro/Dev/CA/FractaMind/node_modules/jest-circus/build/legacy-code-todo-rewrite/jestAdapterInit.js:122:21)\n    at jestAdapter (/home/athanase-matabaro/Dev/CA/FractaMind/node_modules/jest-circus/build/legacy-code-todo-rewrite/jestAdapter.js:79:19)\n    at runTestInternal (/home/athanase-matabaro/Dev/CA/FractaMind/node_modules/jest-runner/build/runTest.js:367:16)\n    at runTest (/home/athanase-matabaro/Dev/CA/FractaMind/node_modules/jest-runner/build/runTest.js:444:34)\n    at Object.worker (/home/athanase-matabaro/Dev/CA/FractaMind/node_modules/jest-runner/build/testWorker.js:106:12)"],"fullName":"FractalSeed Rendering should render 6 nodes","invocations":1,"location":null,"numPassingAsserts":0,"retryReasons":[],"status":"failed","title":"should render 6 nodes"},{"ancestorTitles":["FractalSeed","Rendering"],"duration":23,"failureDetails":[{}],"failureMessages":["TypeError: window.matchMedia is not a function\n    at matchMedia (/home/athanase-matabaro/Dev/CA/FractaMind/src/components/FractalSeed/FractalSeed.jsx:43:16)\n    at renderWithHooks (/home/athanase-matabaro/Dev/CA/FractaMind/node_modules/react-dom/cjs/react-dom.development.js:15486:18)\n    at mountIndeterminateComponent (/home/athanase-matabaro/Dev/CA/FractaMind/node_modules/react-dom/cjs/react-dom.development.js:20103:13)\n    at beginWork (/home/athanase-matabaro/Dev/CA/FractaMind/node_modules/react-dom/cjs/react-dom.development.js:21626:16)\n    at beginWork$1 (/home/athanase-matabaro/Dev/CA/FractaMind/node_modules/react-dom/cjs/react-dom.development.js:27465:14)\n    at performUnitOfWork (/home/athanase-matabaro/Dev/CA/FractaMind/node_modules/react-dom/cjs/react-dom.development.js:26599:12)\n    at workLoopSync (/home/athanase-matabaro/Dev/CA/FractaMind/node_modules/react-dom/cjs/react-dom.development.js:26505:5)\n    at renderRootSync (/home/athanase-matabaro/Dev/CA/FractaMind/node_modules/react-dom/cjs/react-dom.development.js:26473:7)\n    at recoverFromConcurrentError (/home/athanase-matabaro/Dev/CA/FractaMind/node_modules/react-dom/cjs/react-dom.development.js:25889:20)\n    at performConcurrentWorkOnRoot (/home/athanase-matabaro/Dev/CA/FractaMind/node_modules/react-dom/cjs/react-dom.development.js:25789:22)\n    at flushActQueue (/home/athanase-matabaro/Dev/CA/FractaMind/node_modules/react/cjs/react.development.js:2667:24)\n    at act (/home/athanase-matabaro/Dev/CA/FractaMind/node_modules/react/cjs/react.development.js:2582:11)\n    at /home/athanase-matabaro/Dev/CA/FractaMind/node_modules/@testing-library/react/dist/act-compat.js:47:25\n    at renderRoot (/home/athanase-matabaro/Dev/CA/FractaMind/node_modules/@testing-library/react/dist/pure.js:190:26)\n    at render (/home/athanase-matabaro/Dev/CA/FractaMind/node_modules/@testing-library/react/dist/pure.js:292:10)\n    at Object.<anonymous> (/home/athanase-matabaro/Dev/CA/FractaMind/src/components/FractalSeed/FractalSeed.test.jsx:41:13)\n    at Promise.then.completed (/home/athanase-matabaro/Dev/CA/FractaMind/node_modules/jest-circus/build/utils.js:298:28)\n    at new Promise (<anonymous>)\n    at callAsyncCircusFn (/home/athanase-matabaro/Dev/CA/FractaMind/node_modules/jest-circus/build/utils.js:231:10)\n    at _callCircusTest (/home/athanase-matabaro/Dev/CA/FractaMind/node_modules/jest-circus/build/run.js:316:40)\n    at processTicksAndRejections (node:internal/process/task_queues:105:5)\n    at _runTest (/home/athanase-matabaro/Dev/CA/FractaMind/node_modules/jest-circus/build/run.js:252:3)\n    at _runTestsForDescribeBlock (/home/athanase-matabaro/Dev/CA/FractaMind/node_modules/jest-circus/build/run.js:126:9)\n    at _runTestsForDescribeBlock (/home/athanase-matabaro/Dev/CA/FractaMind/node_modules/jest-circus/build/run.js:121:9)\n    at _runTestsForDescribeBlock (/home/athanase-matabaro/Dev/CA/FractaMind/node_modules/jest-circus/build/run.js:121:9)\n    at run (/home/athanase-matabaro/Dev/CA/FractaMind/node_modules/jest-circus/build/run.js:71:3)\n    at runAndTransformResultsToJestFormat (/home/athanase-matabaro/Dev/CA/FractaMind/node_modules/jest-circus/build/legacy-code-todo-rewrite/jestAdapterInit.js:122:21)\n    at jestAdapter (/home/athanase-matabaro/Dev/CA/FractaMind/node_modules/jest-circus/build/legacy-code-todo-rewrite/jestAdapter.js:79:19)\n    at runTestInternal (/home/athanase-matabaro/Dev/CA/FractaMind/node_modules/jest-runner/build/runTest.js:367:16)\n    at runTest (/home/athanase-matabaro/Dev/CA/FractaMind/node_modules/jest-runner/build/runTest.js:444:34)\n    at Object.worker (/home/athanase-matabaro/Dev/CA/FractaMind/node_modules/jest-runner/build/testWorker.js:106:12)"],"fullName":"FractalSeed Rendering should render 5 branches","invocations":1,"location":null,"numPassingAsserts":0,"retryReasons":[],"status":"failed","title":"should render 5 branches"},{"ancestorTitles":["FractalSeed","Animation"],"duration":18,"failureDetails":[{}],"failureMessages":["TypeError: window.matchMedia is not a function\n    at matchMedia (/home/athanase-matabaro/Dev/CA/FractaMind/src/components/FractalSeed/FractalSeed.jsx:43:16)\n    at renderWithHooks (/home/athanase-matabaro/Dev/CA/FractaMind/node_modules/react-dom/cjs/react-dom.development.js:15486:18)\n    at mountIndeterminateComponent (/home/athanase-matabaro/Dev/CA/FractaMind/node_modules/react-dom/cjs/react-dom.development.js:20103:13)\n    at beginWork (/home/athanase-matabaro/Dev/CA/FractaMind/node_modules/react-dom/cjs/react-dom.development.js:21626:16)\n    at beginWork$1 (/home/athanase-matabaro/Dev/CA/FractaMind/node_modules/react-dom/cjs/react-dom.development.js:27465:14)\n    at performUnitOfWork (/home/athanase-matabaro/Dev/CA/FractaMind/node_modules/react-dom/cjs/react-dom.development.js:26599:12)\n    at workLoopSync (/home/athanase-matabaro/Dev/CA/FractaMind/node_modules/react-dom/cjs/react-dom.development.js:26505:5)\n    at renderRootSync (/home/athanase-matabaro/Dev/CA/FractaMind/node_modules/react-dom/cjs/react-dom.development.js:26473:7)\n    at recoverFromConcurrentError (/home/athanase-matabaro/Dev/CA/FractaMind/node_modules/react-dom/cjs/react-dom.development.js:25889:20)\n    at performConcurrentWorkOnRoot (/home/athanase-matabaro/Dev/CA/FractaMind/node_modules/react-dom/cjs/react-dom.development.js:25789:22)\n    at flushActQueue (/home/athanase-matabaro/Dev/CA/FractaMind/node_modules/react/cjs/react.development.js:2667:24)\n    at act (/home/athanase-matabaro/Dev/CA/FractaMind/node_modules/react/cjs/react.development.js:2582:11)\n    at /home/athanase-matabaro/Dev/CA/FractaMind/node_modules/@testing-library/react/dist/act-compat.js:47:25\n    at renderRoot (/home/athanase-matabaro/Dev/CA/FractaMind/node_modules/@testing-library/react/dist/pure.js:190:26)\n    at render (/home/athanase-matabaro/Dev/CA/FractaMind/node_modules/@testing-library/react/dist/pure.js:292:10)\n    at Object.<anonymous> (/home/athanase-matabaro/Dev/CA/FractaMind/src/components/FractalSeed/FractalSeed.test.jsx:50:13)\n    at Promise.then.completed (/home/athanase-matabaro/Dev/CA/FractaMind/node_modules/jest-circus/build/utils.js:298:28)\n    at new Promise (<anonymous>)\n    at callAsyncCircusFn (/home/athanase-matabaro/Dev/CA/FractaMind/node_modules/jest-circus/build/utils.js:231:10)\n    at _callCircusTest (/home/athanase-matabaro/Dev/CA/FractaMind/node_modules/jest-circus/build/run.js:316:40)\n    at processTicksAndRejections (node:internal/process/task_queues:105:5)\n    at _runTest (/home/athanase-matabaro/Dev/CA/FractaMind/node_modules/jest-circus/build/run.js:252:3)\n    at _runTestsForDescribeBlock (/home/athanase-matabaro/Dev/CA/FractaMind/node_modules/jest-circus/build/run.js:126:9)\n    at _runTestsForDescribeBlock (/home/athanase-matabaro/Dev/CA/FractaMind/node_modules/jest-circus/build/run.js:121:9)\n    at _runTestsForDescribeBlock (/home/athanase-matabaro/Dev/CA/FractaMind/node_modules/jest-circus/build/run.js:121:9)\n    at run (/home/athanase-matabaro/Dev/CA/FractaMind/node_modules/jest-circus/build/run.js:71:3)\n    at runAndTransformResultsToJestFormat (/home/athanase-matabaro/Dev/CA/FractaMind/node_modules/jest-circus/build/legacy-code-todo-rewrite/jestAdapterInit.js:122:21)\n    at jestAdapter (/home/athanase-matabaro/Dev/CA/FractaMind/node_modules/jest-circus/build/legacy-code-todo-rewrite/jestAdapter.js:79:19)\n    at runTestInternal (/home/athanase-matabaro/Dev/CA/FractaMind/node_modules/jest-runner/build/runTest.js:367:16)\n    at runTest (/home/athanase-matabaro/Dev/CA/FractaMind/node_modules/jest-runner/build/runTest.js:444:34)\n    at Object.worker (/home/athanase-matabaro/Dev/CA/FractaMind/node_modules/jest-runner/build/testWorker.js:106:12)"],"fullName":"FractalSeed Animation should start animation when autoPlay is true","invocations":1,"location":null,"numPassingAsserts":0,"retryReasons":[],"status":"failed","title":"should start animation when autoPlay is true"},{"ancestorTitles":["FractalSeed","Animation"],"duration":23,"failureDetails":[{}],"failureMessages":["TypeError: window.matchMedia is not a function\n    at matchMedia (/home/athanase-matabaro/Dev/CA/FractaMind/src/components/FractalSeed/FractalSeed.jsx:43:16)\n    at renderWithHooks (/home/athanase-matabaro/Dev/CA/FractaMind/node_modules/react-dom/cjs/react-dom.development.js:15486:18)\n    at mountIndeterminateComponent (/home/athanase-matabaro/Dev/CA/FractaMind/node_modules/react-dom/cjs/react-dom.development.js:20103:13)\n    at beginWork (/home/athanase-matabaro/Dev/CA/FractaMind/node_modules/react-dom/cjs/react-dom.development.js:21626:16)\n    at beginWork$1 (/home/athanase-matabaro/Dev/CA/FractaMind/node_modules/react-dom/cjs/react-dom.development.js:27465:14)\n    at performUnitOfWork (/home/athanase-matabaro/Dev/CA/FractaMind/node_modules/react-dom/cjs/react-dom.development.js:26599:12)\n    at workLoopSync (/home/athanase-matabaro/Dev/CA/FractaMind/node_modules/react-dom/cjs/react-dom.development.js:26505:5)\n    at renderRootSync (/home/athanase-matabaro/Dev/CA/FractaMind/node_modules/react-dom/cjs/react-dom.development.js:26473:7)\n    at recoverFromConcurrentError (/home/athanase-matabaro/Dev/CA/FractaMind/node_modules/react-dom/cjs/react-dom.development.js:25889:20)\n    at performConcurrentWorkOnRoot (/home/athanase-matabaro/Dev/CA/FractaMind/node_modules/react-dom/cjs/react-dom.development.js:25789:22)\n    at flushActQueue (/home/athanase-matabaro/Dev/CA/FractaMind/node_modules/react/cjs/react.development.js:2667:24)\n    at act (/home/athanase-matabaro/Dev/CA/FractaMind/node_modules/react/cjs/react.development.js:2582:11)\n    at /home/athanase-matabaro/Dev/CA/FractaMind/node_modules/@testing-library/react/dist/act-compat.js:47:25\n    at renderRoot (/home/athanase-matabaro/Dev/CA/FractaMind/node_modules/@testing-library/react/dist/pure.js:190:26)\n    at render (/home/athanase-matabaro/Dev/CA/FractaMind/node_modules/@testing-library/react/dist/pure.js:292:10)\n    at Object.<anonymous> (/home/athanase-matabaro/Dev/CA/FractaMind/src/components/FractalSeed/FractalSeed.test.jsx:63:13)\n    at Promise.then.completed (/home/athanase-matabaro/Dev/CA/FractaMind/node_modules/jest-circus/build/utils.js:298:28)\n    at new Promise (<anonymous>)\n    at callAsyncCircusFn (/home/athanase-matabaro/Dev/CA/FractaMind/node_modules/jest-circus/build/utils.js:231:10)\n    at _callCircusTest (/home/athanase-matabaro/Dev/CA/FractaMind/node_modules/jest-circus/build/run.js:316:40)\n    at processTicksAndRejections (node:internal/process/task_queues:105:5)\n    at _runTest (/home/athanase-matabaro/Dev/CA/FractaMind/node_modules/jest-circus/build/run.js:252:3)\n    at _runTestsForDescribeBlock (/home/athanase-matabaro/Dev/CA/FractaMind/node_modules/jest-circus/build/run.js:126:9)\n    at _runTestsForDescribeBlock (/home/athanase-matabaro/Dev/CA/FractaMind/node_modules/jest-circus/build/run.js:121:9)\n    at _runTestsForDescribeBlock (/home/athanase-matabaro/Dev/CA/FractaMind/node_modules/jest-circus/build/run.js:121:9)\n    at run (/home/athanase-matabaro/Dev/CA/FractaMind/node_modules/jest-circus/build/run.js:71:3)\n    at runAndTransformResultsToJestFormat (/home/athanase-matabaro/Dev/CA/FractaMind/node_modules/jest-circus/build/legacy-code-todo-rewrite/jestAdapterInit.js:122:21)\n    at jestAdapter (/home/athanase-matabaro/Dev/CA/FractaMind/node_modules/jest-circus/build/legacy-code-todo-rewrite/jestAdapter.js:79:19)\n    at runTestInternal (/home/athanase-matabaro/Dev/CA/FractaMind/node_modules/jest-runner/build/runTest.js:367:16)\n    at runTest (/home/athanase-matabaro/Dev/CA/FractaMind/node_modules/jest-runner/build/runTest.js:444:34)\n    at Object.worker (/home/athanase-matabaro/Dev/CA/FractaMind/node_modules/jest-runner/build/testWorker.js:106:12)"],"fullName":"FractalSeed Animation should not auto-animate when autoPlay is false","invocations":1,"location":null,"numPassingAsserts":0,"retryReasons":[],"status":"failed","title":"should not auto-animate when autoPlay is false"},{"ancestorTitles":["FractalSeed","Animation"],"duration":24,"failureDetails":[{}],"failureMessages":["TypeError: window.matchMedia is not a function\n    at matchMedia (/home/athanase-matabaro/Dev/CA/FractaMind/src/components/FractalSeed/FractalSeed.jsx:43:16)\n    at renderWithHooks (/home/athanase-matabaro/Dev/CA/FractaMind/node_modules/react-dom/cjs/react-dom.development.js:15486:18)\n    at mountIndeterminateComponent (/home/athanase-matabaro/Dev/CA/FractaMind/node_modules/react-dom/cjs/react-dom.development.js:20103:13)\n    at beginWork (/home/athanase-matabaro/Dev/CA/FractaMind/node_modules/react-dom/cjs/react-dom.development.js:21626:16)\n    at beginWork$1 (/home/athanase-matabaro/Dev/CA/FractaMind/node_modules/react-dom/cjs/react-dom.development.js:27465:14)\n    at performUnitOfWork (/home/athanase-matabaro/Dev/CA/FractaMind/node_modules/react-dom/cjs/react-dom.development.js:26599:12)\n    at workLoopSync (/home/athanase-matabaro/Dev/CA/FractaMind/node_modules/react-dom/cjs/react-dom.development.js:26505:5)\n    at renderRootSync (/home/athanase-matabaro/Dev/CA/FractaMind/node_modules/react-dom/cjs/react-dom.development.js:26473:7)\n    at recoverFromConcurrentError (/home/athanase-matabaro/Dev/CA/FractaMind/node_modules/react-dom/cjs/react-dom.development.js:25889:20)\n    at performConcurrentWorkOnRoot (/home/athanase-matabaro/Dev/CA/FractaMind/node_modules/react-dom/cjs/react-dom.development.js:25789:22)\n    at flushActQueue (/home/athanase-matabaro/Dev/CA/FractaMind/node_modules/react/cjs/react.development.js:2667:24)\n    at act (/home/athanase-matabaro/Dev/CA/FractaMind/node_modules/react/cjs/react.development.js:2582:11)\n    at /home/athanase-matabaro/Dev/CA/FractaMind/node_modules/@testing-library/react/dist/act-compat.js:47:25\n    at renderRoot (/home/athanase-matabaro/Dev/CA/FractaMind/node_modules/@testing-library/react/dist/pure.js:190:26)\n    at render (/home/athanase-matabaro/Dev/CA/FractaMind/node_modules/@testing-library/react/dist/pure.js:292:10)\n    at Object.<anonymous> (/home/athanase-matabaro/Dev/CA/FractaMind/src/components/FractalSeed/FractalSeed.test.jsx:71:13)\n    at Promise.then.completed (/home/athanase-matabaro/Dev/CA/FractaMind/node_modules/jest-circus/build/utils.js:298:28)\n    at new Promise (<anonymous>)\n    at callAsyncCircusFn (/home/athanase-matabaro/Dev/CA/FractaMind/node_modules/jest-circus/build/utils.js:231:10)\n    at _callCircusTest (/home/athanase-matabaro/Dev/CA/FractaMind/node_modules/jest-circus/build/run.js:316:40)\n    at processTicksAndRejections (node:internal/process/task_queues:105:5)\n    at _runTest (/home/athanase-matabaro/Dev/CA/FractaMind/node_modules/jest-circus/build/run.js:252:3)\n    at _runTestsForDescribeBlock (/home/athanase-matabaro/Dev/CA/FractaMind/node_modules/jest-circus/build/run.js:126:9)\n    at _runTestsForDescribeBlock (/home/athanase-matabaro/Dev/CA/FractaMind/node_modules/jest-circus/build/run.js:121:9)\n    at _runTestsForDescribeBlock (/home/athanase-matabaro/Dev/CA/FractaMind/node_modules/jest-circus/build/run.js:121:9)\n    at run (/home/athanase-matabaro/Dev/CA/FractaMind/node_modules/jest-circus/build/run.js:71:3)\n    at runAndTransformResultsToJestFormat (/home/athanase-matabaro/Dev/CA/FractaMind/node_modules/jest-circus/build/legacy-code-todo-rewrite/jestAdapterInit.js:122:21)\n    at jestAdapter (/home/athanase-matabaro/Dev/CA/FractaMind/node_modules/jest-circus/build/legacy-code-todo-rewrite/jestAdapter.js:79:19)\n    at runTestInternal (/home/athanase-matabaro/Dev/CA/FractaMind/node_modules/jest-runner/build/runTest.js:367:16)\n    at runTest (/home/athanase-matabaro/Dev/CA/FractaMind/node_modules/jest-runner/build/runTest.js:444:34)\n    at Object.worker (/home/athanase-matabaro/Dev/CA/FractaMind/node_modules/jest-runner/build/testWorker.js:106:12)"],"fullName":"FractalSeed Animation should call onComplete callback when animation finishes","invocations":1,"location":null,"numPassingAsserts":0,"retryReasons":[],"status":"failed","title":"should call onComplete callback when animation finishes"},{"ancestorTitles":["FractalSeed","Animation"],"duration":23,"failureDetails":[{}],"failureMessages":["TypeError: window.matchMedia is not a function\n    at matchMedia (/home/athanase-matabaro/Dev/CA/FractaMind/src/components/FractalSeed/FractalSeed.jsx:43:16)\n    at renderWithHooks (/home/athanase-matabaro/Dev/CA/FractaMind/node_modules/react-dom/cjs/react-dom.development.js:15486:18)\n    at mountIndeterminateComponent (/home/athanase-matabaro/Dev/CA/FractaMind/node_modules/react-dom/cjs/react-dom.development.js:20103:13)\n    at beginWork (/home/athanase-matabaro/Dev/CA/FractaMind/node_modules/react-dom/cjs/react-dom.development.js:21626:16)\n    at beginWork$1 (/home/athanase-matabaro/Dev/CA/FractaMind/node_modules/react-dom/cjs/react-dom.development.js:27465:14)\n    at performUnitOfWork (/home/athanase-matabaro/Dev/CA/FractaMind/node_modules/react-dom/cjs/react-dom.development.js:26599:12)\n    at workLoopSync (/home/athanase-matabaro/Dev/CA/FractaMind/node_modules/react-dom/cjs/react-dom.development.js:26505:5)\n    at renderRootSync (/home/athanase-matabaro/Dev/CA/FractaMind/node_modules/react-dom/cjs/react-dom.development.js:26473:7)\n    at recoverFromConcurrentError (/home/athanase-matabaro/Dev/CA/FractaMind/node_modules/react-dom/cjs/react-dom.development.js:25889:20)\n    at performConcurrentWorkOnRoot (/home/athanase-matabaro/Dev/CA/FractaMind/node_modules/react-dom/cjs/react-dom.development.js:25789:22)\n    at flushActQueue (/home/athanase-matabaro/Dev/CA/FractaMind/node_modules/react/cjs/react.development.js:2667:24)\n    at act (/home/athanase-matabaro/Dev/CA/FractaMind/node_modules/react/cjs/react.development.js:2582:11)\n    at /home/athanase-matabaro/Dev/CA/FractaMind/node_modules/@testing-library/react/dist/act-compat.js:47:25\n    at renderRoot (/home/athanase-matabaro/Dev/CA/FractaMind/node_modules/@testing-library/react/dist/pure.js:190:26)\n    at render (/home/athanase-matabaro/Dev/CA/FractaMind/node_modules/@testing-library/react/dist/pure.js:292:10)\n    at Object.<anonymous> (/home/athanase-matabaro/Dev/CA/FractaMind/src/components/FractalSeed/FractalSeed.test.jsx:85:13)\n    at Promise.then.completed (/home/athanase-matabaro/Dev/CA/FractaMind/node_modules/jest-circus/build/utils.js:298:28)\n    at new Promise (<anonymous>)\n    at callAsyncCircusFn (/home/athanase-matabaro/Dev/CA/FractaMind/node_modules/jest-circus/build/utils.js:231:10)\n    at _callCircusTest (/home/athanase-matabaro/Dev/CA/FractaMind/node_modules/jest-circus/build/run.js:316:40)\n    at processTicksAndRejections (node:internal/process/task_queues:105:5)\n    at _runTest (/home/athanase-matabaro/Dev/CA/FractaMind/node_modules/jest-circus/build/run.js:252:3)\n    at _runTestsForDescribeBlock (/home/athanase-matabaro/Dev/CA/FractaMind/node_modules/jest-circus/build/run.js:126:9)\n    at _runTestsForDescribeBlock (/home/athanase-matabaro/Dev/CA/FractaMind/node_modules/jest-circus/build/run.js:121:9)\n    at _runTestsForDescribeBlock (/home/athanase-matabaro/Dev/CA/FractaMind/node_modules/jest-circus/build/run.js:121:9)\n    at run (/home/athanase-matabaro/Dev/CA/FractaMind/node_modules/jest-circus/build/run.js:71:3)\n    at runAndTransformResultsToJestFormat (/home/athanase-matabaro/Dev/CA/FractaMind/node_modules/jest-circus/build/legacy-code-todo-rewrite/jestAdapterInit.js:122:21)\n    at jestAdapter (/home/athanase-matabaro/Dev/CA/FractaMind/node_modules/jest-circus/build/legacy-code-todo-rewrite/jestAdapter.js:79:19)\n    at runTestInternal (/home/athanase-matabaro/Dev/CA/FractaMind/node_modules/jest-runner/build/runTest.js:367:16)\n    at runTest (/home/athanase-matabaro/Dev/CA/FractaMind/node_modules/jest-runner/build/runTest.js:444:34)\n    at Object.worker (/home/athanase-matabaro/Dev/CA/FractaMind/node_modules/jest-runner/build/testWorker.js:106:12)"],"fullName":"FractalSeed Animation should apply animation delay","invocations":1,"location":null,"numPassingAsserts":0,"retryReasons":[],"status":"failed","title":"should apply animation delay"},{"ancestorTitles":["FractalSeed","Reduced Motion"],"duration":66,"failureDetails":[],"failureMessages":[],"fullName":"FractalSeed Reduced Motion should respect reducedMotion prop","invocations":1,"location":null,"numPassingAsserts":1,"retryReasons":[],"status":"passed","title":"should respect reducedMotion prop"},{"ancestorTitles":["FractalSeed","Reduced Motion"],"duration":86,"failureDetails":[],"failureMessages":[],"fullName":"FractalSeed Reduced Motion should use faster animation in reduced motion","invocations":1,"location":null,"numPassingAsserts":1,"retryReasons":[],"status":"passed","title":"should use faster animation in reduced motion"},{"ancestorTitles":["FractalSeed","Reduced Motion"],"duration":22,"failureDetails":[],"failureMessages":[],"fullName":"FractalSeed Reduced Motion should render glow in normal motion mode","invocations":1,"location":null,"numPassingAsserts":1,"retryReasons":[],"status":"passed","title":"should render glow in normal motion mode"},{"ancestorTitles":["FractalSeed","Accessibility"],"duration":21,"failureDetails":[{}],"failureMessages":["TypeError: window.matchMedia is not a function\n    at matchMedia (/home/athanase-matabaro/Dev/CA/FractaMind/src/components/FractalSeed/FractalSeed.jsx:43:16)\n    at renderWithHooks (/home/athanase-matabaro/Dev/CA/FractaMind/node_modules/react-dom/cjs/react-dom.development.js:15486:18)\n    at mountIndeterminateComponent (/home/athanase-matabaro/Dev/CA/FractaMind/node_modules/react-dom/cjs/react-dom.development.js:20103:13)\n    at beginWork (/home/athanase-matabaro/Dev/CA/FractaMind/node_modules/react-dom/cjs/react-dom.development.js:21626:16)\n    at beginWork$1 (/home/athanase-matabaro/Dev/CA/FractaMind/node_modules/react-dom/cjs/react-dom.development.js:27465:14)\n    at performUnitOfWork (/home/athanase-matabaro/Dev/CA/FractaMind/node_modules/react-dom/cjs/react-dom.development.js:26599:12)\n    at workLoopSync (/home/athanase-matabaro/Dev/CA/FractaMind/node_modules/react-dom/cjs/react-dom.development.js:26505:5)\n    at renderRootSync (/home/athanase-matabaro/Dev/CA/FractaMind/node_modules/react-dom/cjs/react-dom.development.js:26473:7)\n    at recoverFromConcurrentError (/home/athanase-matabaro/Dev/CA/FractaMind/node_modules/react-dom/cjs/react-dom.development.js:25889:20)\n    at performConcurrentWorkOnRoot (/home/athanase-matabaro/Dev/CA/FractaMind/node_modules/react-dom/cjs/react-dom.development.js:25789:22)\n    at flushActQueue (/home/athanase-matabaro/Dev/CA/FractaMind/node_modules/react/cjs/react.development.js:2667:24)\n    at act (/home/athanase-matabaro/Dev/CA/FractaMind/node_modules/react/cjs/react.development.js:2582:11)\n    at /home/athanase-matabaro/Dev/CA/FractaMind/node_modules/@testing-library/react/dist/act-compat.js:47:25\n    at renderRoot (/home/athanase-matabaro/Dev/CA/FractaMind/node_modules/@testing-library/react/dist/pure.js:190:26)\n    at render (/home/athanase-matabaro/Dev/CA/FractaMind/node_modules/@testing-library/react/dist/pure.js:292:10)\n    at Object.<anonymous> (/home/athanase-matabaro/Dev/CA/FractaMind/src/components/FractalSeed/FractalSeed.test.jsx:129:13)\n    at Promise.then.completed (/home/athanase-matabaro/Dev/CA/FractaMind/node_modules/jest-circus/build/utils.js:298:28)\n    at new Promise (<anonymous>)\n    at callAsyncCircusFn (/home/athanase-matabaro/Dev/CA/FractaMind/node_modules/jest-circus/build/utils.js:231:10)\n    at _callCircusTest (/home/athanase-matabaro/Dev/CA/FractaMind/node_modules/jest-circus/build/run.js:316:40)\n    at processTicksAndRejections (node:internal/process/task_queues:105:5)\n    at _runTest (/home/athanase-matabaro/Dev/CA/FractaMind/node_modules/jest-circus/build/run.js:252:3)\n    at _runTestsForDescribeBlock (/home/athanase-matabaro/Dev/CA/FractaMind/node_modules/jest-circus/build/run.js:126:9)\n    at _runTestsForDescribeBlock (/home/athanase-matabaro/Dev/CA/FractaMind/node_modules/jest-circus/build/run.js:121:9)\n    at _runTestsForDescribeBlock (/home/athanase-matabaro/Dev/CA/FractaMind/node_modules/jest-circus/build/run.js:121:9)\n    at run (/home/athanase-matabaro/Dev/CA/FractaMind/node_modules/jest-circus/build/run.js:71:3)\n    at runAndTransformResultsToJestFormat (/home/athanase-matabaro/Dev/CA/FractaMind/node_modules/jest-circus/build/legacy-code-todo-rewrite/jestAdapterInit.js:122:21)\n    at jestAdapter (/home/athanase-matabaro/Dev/CA/FractaMind/node_modules/jest-circus/build/legacy-code-todo-rewrite/jestAdapter.js:79:19)\n    at runTestInternal (/home/athanase-matabaro/Dev/CA/FractaMind/node_modules/jest-runner/build/runTest.js:367:16)\n    at runTest (/home/athanase-matabaro/Dev/CA/FractaMind/node_modules/jest-runner/build/runTest.js:444:34)\n    at Object.worker (/home/athanase-matabaro/Dev/CA/FractaMind/node_modules/jest-runner/build/testWorker.js:106:12)"],"fullName":"FractalSeed Accessibility should have aria-live region","invocations":1,"location":null,"numPassingAsserts":0,"retryReasons":[],"status":"failed","title":"should have aria-live region"},{"ancestorTitles":["FractalSeed","Accessibility"],"duration":26,"failureDetails":[{}],"failureMessages":["TypeError: window.matchMedia is not a function\n    at matchMedia (/home/athanase-matabaro/Dev/CA/FractaMind/src/components/FractalSeed/FractalSeed.jsx:43:16)\n    at renderWithHooks (/home/athanase-matabaro/Dev/CA/FractaMind/node_modules/react-dom/cjs/react-dom.development.js:15486:18)\n    at mountIndeterminateComponent (/home/athanase-matabaro/Dev/CA/FractaMind/node_modules/react-dom/cjs/react-dom.development.js:20103:13)\n    at beginWork (/home/athanase-matabaro/Dev/CA/FractaMind/node_modules/react-dom/cjs/react-dom.development.js:21626:16)\n    at beginWork$1 (/home/athanase-matabaro/Dev/CA/FractaMind/node_modules/react-dom/cjs/react-dom.development.js:27465:14)\n    at performUnitOfWork (/home/athanase-matabaro/Dev/CA/FractaMind/node_modules/react-dom/cjs/react-dom.development.js:26599:12)\n    at workLoopSync (/home/athanase-matabaro/Dev/CA/FractaMind/node_modules/react-dom/cjs/react-dom.development.js:26505:5)\n    at renderRootSync (/home/athanase-matabaro/Dev/CA/FractaMind/node_modules/react-dom/cjs/react-dom.development.js:26473:7)\n    at recoverFromConcurrentError (/home/athanase-matabaro/Dev/CA/FractaMind/node_modules/react-dom/cjs/react-dom.development.js:25889:20)\n    at performConcurrentWorkOnRoot (/home/athanase-matabaro/Dev/CA/FractaMind/node_modules/react-dom/cjs/react-dom.development.js:25789:22)\n    at flushActQueue (/home/athanase-matabaro/Dev/CA/FractaMind/node_modules/react/cjs/react.development.js:2667:24)\n    at act (/home/athanase-matabaro/Dev/CA/FractaMind/node_modules/react/cjs/react.development.js:2582:11)\n    at /home/athanase-matabaro/Dev/CA/FractaMind/node_modules/@testing-library/react/dist/act-compat.js:47:25\n    at renderRoot (/home/athanase-matabaro/Dev/CA/FractaMind/node_modules/@testing-library/react/dist/pure.js:190:26)\n    at render (/home/athanase-matabaro/Dev/CA/FractaMind/node_modules/@testing-library/react/dist/pure.js:292:10)\n    at Object.<anonymous> (/home/athanase-matabaro/Dev/CA/FractaMind/src/components/FractalSeed/FractalSeed.test.jsx:137:13)\n    at Promise.then.completed (/home/athanase-matabaro/Dev/CA/FractaMind/node_modules/jest-circus/build/utils.js:298:28)\n    at new Promise (<anonymous>)\n    at callAsyncCircusFn (/home/athanase-matabaro/Dev/CA/FractaMind/node_modules/jest-circus/build/utils.js:231:10)\n    at _callCircusTest (/home/athanase-matabaro/Dev/CA/FractaMind/node_modules/jest-circus/build/run.js:316:40)\n    at processTicksAndRejections (node:internal/process/task_queues:105:5)\n    at _runTest (/home/athanase-matabaro/Dev/CA/FractaMind/node_modules/jest-circus/build/run.js:252:3)\n    at _runTestsForDescribeBlock (/home/athanase-matabaro/Dev/CA/FractaMind/node_modules/jest-circus/build/run.js:126:9)\n    at _runTestsForDescribeBlock (/home/athanase-matabaro/Dev/CA/FractaMind/node_modules/jest-circus/build/run.js:121:9)\n    at _runTestsForDescribeBlock (/home/athanase-matabaro/Dev/CA/FractaMind/node_modules/jest-circus/build/run.js:121:9)\n    at run (/home/athanase-matabaro/Dev/CA/FractaMind/node_modules/jest-circus/build/run.js:71:3)\n    at runAndTransformResultsToJestFormat (/home/athanase-matabaro/Dev/CA/FractaMind/node_modules/jest-circus/build/legacy-code-todo-rewrite/jestAdapterInit.js:122:21)\n    at jestAdapter (/home/athanase-matabaro/Dev/CA/FractaMind/node_modules/jest-circus/build/legacy-code-todo-rewrite/jestAdapter.js:79:19)\n    at runTestInternal (/home/athanase-matabaro/Dev/CA/FractaMind/node_modules/jest-runner/build/runTest.js:367:16)\n    at runTest (/home/athanase-matabaro/Dev/CA/FractaMind/node_modules/jest-runner/build/runTest.js:444:34)\n    at Object.worker (/home/athanase-matabaro/Dev/CA/FractaMind/node_modules/jest-runner/build/testWorker.js:106:12)"],"fullName":"FractalSeed Accessibility should announce idle state","invocations":1,"location":null,"numPassingAsserts":0,"retryReasons":[],"status":"failed","title":"should announce idle state"},{"ancestorTitles":["FractalSeed","Accessibility"],"duration":19,"failureDetails":[{}],"failureMessages":["TypeError: window.matchMedia is not a function\n    at matchMedia (/home/athanase-matabaro/Dev/CA/FractaMind/src/components/FractalSeed/FractalSeed.jsx:43:16)\n    at renderWithHooks (/home/athanase-matabaro/Dev/CA/FractaMind/node_modules/react-dom/cjs/react-dom.development.js:15486:18)\n    at mountIndeterminateComponent (/home/athanase-matabaro/Dev/CA/FractaMind/node_modules/react-dom/cjs/react-dom.development.js:20103:13)\n    at beginWork (/home/athanase-matabaro/Dev/CA/FractaMind/node_modules/react-dom/cjs/react-dom.development.js:21626:16)\n    at beginWork$1 (/home/athanase-matabaro/Dev/CA/FractaMind/node_modules/react-dom/cjs/react-dom.development.js:27465:14)\n    at performUnitOfWork (/home/athanase-matabaro/Dev/CA/FractaMind/node_modules/react-dom/cjs/react-dom.development.js:26599:12)\n    at workLoopSync (/home/athanase-matabaro/Dev/CA/FractaMind/node_modules/react-dom/cjs/react-dom.development.js:26505:5)\n    at renderRootSync (/home/athanase-matabaro/Dev/CA/FractaMind/node_modules/react-dom/cjs/react-dom.development.js:26473:7)\n    at recoverFromConcurrentError (/home/athanase-matabaro/Dev/CA/FractaMind/node_modules/react-dom/cjs/react-dom.development.js:25889:20)\n    at performConcurrentWorkOnRoot (/home/athanase-matabaro/Dev/CA/FractaMind/node_modules/react-dom/cjs/react-dom.development.js:25789:22)\n    at flushActQueue (/home/athanase-matabaro/Dev/CA/FractaMind/node_modules/react/cjs/react.development.js:2667:24)\n    at act (/home/athanase-matabaro/Dev/CA/FractaMind/node_modules/react/cjs/react.development.js:2582:11)\n    at /home/athanase-matabaro/Dev/CA/FractaMind/node_modules/@testing-library/react/dist/act-compat.js:47:25\n    at renderRoot (/home/athanase-matabaro/Dev/CA/FractaMind/node_modules/@testing-library/react/dist/pure.js:190:26)\n    at render (/home/athanase-matabaro/Dev/CA/FractaMind/node_modules/@testing-library/react/dist/pure.js:292:10)\n    at Object.<anonymous> (/home/athanase-matabaro/Dev/CA/FractaMind/src/components/FractalSeed/FractalSeed.test.jsx:143:13)\n    at Promise.then.completed (/home/athanase-matabaro/Dev/CA/FractaMind/node_modules/jest-circus/build/utils.js:298:28)\n    at new Promise (<anonymous>)\n    at callAsyncCircusFn (/home/athanase-matabaro/Dev/CA/FractaMind/node_modules/jest-circus/build/utils.js:231:10)\n    at _callCircusTest (/home/athanase-matabaro/Dev/CA/FractaMind/node_modules/jest-circus/build/run.js:316:40)\n    at processTicksAndRejections (node:internal/process/task_queues:105:5)\n    at _runTest (/home/athanase-matabaro/Dev/CA/FractaMind/node_modules/jest-circus/build/run.js:252:3)\n    at _runTestsForDescribeBlock (/home/athanase-matabaro/Dev/CA/FractaMind/node_modules/jest-circus/build/run.js:126:9)\n    at _runTestsForDescribeBlock (/home/athanase-matabaro/Dev/CA/FractaMind/node_modules/jest-circus/build/run.js:121:9)\n    at _runTestsForDescribeBlock (/home/athanase-matabaro/Dev/CA/FractaMind/node_modules/jest-circus/build/run.js:121:9)\n    at run (/home/athanase-matabaro/Dev/CA/FractaMind/node_modules/jest-circus/build/run.js:71:3)\n    at runAndTransformResultsToJestFormat (/home/athanase-matabaro/Dev/CA/FractaMind/node_modules/jest-circus/build/legacy-code-todo-rewrite/jestAdapterInit.js:122:21)\n    at jestAdapter (/home/athanase-matabaro/Dev/CA/FractaMind/node_modules/jest-circus/build/legacy-code-todo-rewrite/jestAdapter.js:79:19)\n    at runTestInternal (/home/athanase-matabaro/Dev/CA/FractaMind/node_modules/jest-runner/build/runTest.js:367:16)\n    at runTest (/home/athanase-matabaro/Dev/CA/FractaMind/node_modules/jest-runner/build/runTest.js:444:34)\n    at Object.worker (/home/athanase-matabaro/Dev/CA/FractaMind/node_modules/jest-runner/build/testWorker.js:106:12)"],"fullName":"FractalSeed Accessibility should announce growing state during animation","invocations":1,"location":null,"numPassingAsserts":0,"retryReasons":[],"status":"failed","title":"should announce growing state during animation"},{"ancestorTitles":["FractalSeed","Accessibility"],"duration":19,"failureDetails":[{}],"failureMessages":["TypeError: window.matchMedia is not a function\n    at matchMedia (/home/athanase-matabaro/Dev/CA/FractaMind/src/components/FractalSeed/FractalSeed.jsx:43:16)\n    at renderWithHooks (/home/athanase-matabaro/Dev/CA/FractaMind/node_modules/react-dom/cjs/react-dom.development.js:15486:18)\n    at mountIndeterminateComponent (/home/athanase-matabaro/Dev/CA/FractaMind/node_modules/react-dom/cjs/react-dom.development.js:20103:13)\n    at beginWork (/home/athanase-matabaro/Dev/CA/FractaMind/node_modules/react-dom/cjs/react-dom.development.js:21626:16)\n    at beginWork$1 (/home/athanase-matabaro/Dev/CA/FractaMind/node_modules/react-dom/cjs/react-dom.development.js:27465:14)\n    at performUnitOfWork (/home/athanase-matabaro/Dev/CA/FractaMind/node_modules/react-dom/cjs/react-dom.development.js:26599:12)\n    at workLoopSync (/home/athanase-matabaro/Dev/CA/FractaMind/node_modules/react-dom/cjs/react-dom.development.js:26505:5)\n    at renderRootSync (/home/athanase-matabaro/Dev/CA/FractaMind/node_modules/react-dom/cjs/react-dom.development.js:26473:7)\n    at recoverFromConcurrentError (/home/athanase-matabaro/Dev/CA/FractaMind/node_modules/react-dom/cjs/react-dom.development.js:25889:20)\n    at performConcurrentWorkOnRoot (/home/athanase-matabaro/Dev/CA/FractaMind/node_modules/react-dom/cjs/react-dom.development.js:25789:22)\n    at flushActQueue (/home/athanase-matabaro/Dev/CA/FractaMind/node_modules/react/cjs/react.development.js:2667:24)\n    at act (/home/athanase-matabaro/Dev/CA/FractaMind/node_modules/react/cjs/react.development.js:2582:11)\n    at /home/athanase-matabaro/Dev/CA/FractaMind/node_modules/@testing-library/react/dist/act-compat.js:47:25\n    at renderRoot (/home/athanase-matabaro/Dev/CA/FractaMind/node_modules/@testing-library/react/dist/pure.js:190:26)\n    at render (/home/athanase-matabaro/Dev/CA/FractaMind/node_modules/@testing-library/react/dist/pure.js:292:10)\n    at Object.<anonymous> (/home/athanase-matabaro/Dev/CA/FractaMind/src/components/FractalSeed/FractalSeed.test.jsx:151:13)\n    at Promise.then.completed (/home/athanase-matabaro/Dev/CA/FractaMind/node_modules/jest-circus/build/utils.js:298:28)\n    at new Promise (<anonymous>)\n    at callAsyncCircusFn (/home/athanase-matabaro/Dev/CA/FractaMind/node_modules/jest-circus/build/utils.js:231:10)\n    at _callCircusTest (/home/athanase-matabaro/Dev/CA/FractaMind/node_modules/jest-circus/build/run.js:316:40)\n    at processTicksAndRejections (node:internal/process/task_queues:105:5)\n    at _runTest (/home/athanase-matabaro/Dev/CA/FractaMind/node_modules/jest-circus/build/run.js:252:3)\n    at _runTestsForDescribeBlock (/home/athanase-matabaro/Dev/CA/FractaMind/node_modules/jest-circus/build/run.js:126:9)\n    at _runTestsForDescribeBlock (/home/athanase-matabaro/Dev/CA/FractaMind/node_modules/jest-circus/build/run.js:121:9)\n    at _runTestsForDescribeBlock (/home/athanase-matabaro/Dev/CA/FractaMind/node_modules/jest-circus/build/run.js:121:9)\n    at run (/home/athanase-matabaro/Dev/CA/FractaMind/node_modules/jest-circus/build/run.js:71:3)\n    at runAndTransformResultsToJestFormat (/home/athanase-matabaro/Dev/CA/FractaMind/node_modules/jest-circus/build/legacy-code-todo-rewrite/jestAdapterInit.js:122:21)\n    at jestAdapter (/home/athanase-matabaro/Dev/CA/FractaMind/node_modules/jest-circus/build/legacy-code-todo-rewrite/jestAdapter.js:79:19)\n    at runTestInternal (/home/athanase-matabaro/Dev/CA/FractaMind/node_modules/jest-runner/build/runTest.js:367:16)\n    at runTest (/home/athanase-matabaro/Dev/CA/FractaMind/node_modules/jest-runner/build/runTest.js:444:34)\n    at Object.worker (/home/athanase-matabaro/Dev/CA/FractaMind/node_modules/jest-runner/build/testWorker.js:106:12)"],"fullName":"FractalSeed Accessibility should announce ready state when complete","invocations":1,"location":null,"numPassingAsserts":0,"retryReasons":[],"status":"failed","title":"should announce ready state when complete"},{"ancestorTitles":["FractalSeed","Props"],"duration":21,"failureDetails":[{}],"failureMessages":["TypeError: window.matchMedia is not a function\n    at matchMedia (/home/athanase-matabaro/Dev/CA/FractaMind/src/components/FractalSeed/FractalSeed.jsx:43:16)\n    at renderWithHooks (/home/athanase-matabaro/Dev/CA/FractaMind/node_modules/react-dom/cjs/react-dom.development.js:15486:18)\n    at mountIndeterminateComponent (/home/athanase-matabaro/Dev/CA/FractaMind/node_modules/react-dom/cjs/react-dom.development.js:20103:13)\n    at beginWork (/home/athanase-matabaro/Dev/CA/FractaMind/node_modules/react-dom/cjs/react-dom.development.js:21626:16)\n    at beginWork$1 (/home/athanase-matabaro/Dev/CA/FractaMind/node_modules/react-dom/cjs/react-dom.development.js:27465:14)\n    at performUnitOfWork (/home/athanase-matabaro/Dev/CA/FractaMind/node_modules/react-dom/cjs/react-dom.development.js:26599:12)\n    at workLoopSync (/home/athanase-matabaro/Dev/CA/FractaMind/node_modules/react-dom/cjs/react-dom.development.js:26505:5)\n    at renderRootSync (/home/athanase-matabaro/Dev/CA/FractaMind/node_modules/react-dom/cjs/react-dom.development.js:26473:7)\n    at recoverFromConcurrentError (/home/athanase-matabaro/Dev/CA/FractaMind/node_modules/react-dom/cjs/react-dom.development.js:25889:20)\n    at performConcurrentWorkOnRoot (/home/athanase-matabaro/Dev/CA/FractaMind/node_modules/react-dom/cjs/react-dom.development.js:25789:22)\n    at flushActQueue (/home/athanase-matabaro/Dev/CA/FractaMind/node_modules/react/cjs/react.development.js:2667:24)\n    at act (/home/athanase-matabaro/Dev/CA/FractaMind/node_modules/react/cjs/react.development.js:2582:11)\n    at /home/athanase-matabaro/Dev/CA/FractaMind/node_modules/@testing-library/react/dist/act-compat.js:47:25\n    at renderRoot (/home/athanase-matabaro/Dev/CA/FractaMind/node_modules/@testing-library/react/dist/pure.js:190:26)\n    at render (/home/athanase-matabaro/Dev/CA/FractaMind/node_modules/@testing-library/react/dist/pure.js:292:10)\n    at Object.<anonymous> (/home/athanase-matabaro/Dev/CA/FractaMind/src/components/FractalSeed/FractalSeed.test.jsx:164:13)\n    at Promise.then.completed (/home/athanase-matabaro/Dev/CA/FractaMind/node_modules/jest-circus/build/utils.js:298:28)\n    at new Promise (<anonymous>)\n    at callAsyncCircusFn (/home/athanase-matabaro/Dev/CA/FractaMind/node_modules/jest-circus/build/utils.js:231:10)\n    at _callCircusTest (/home/athanase-matabaro/Dev/CA/FractaMind/node_modules/jest-circus/build/run.js:316:40)\n    at processTicksAndRejections (node:internal/process/task_queues:105:5)\n    at _runTest (/home/athanase-matabaro/Dev/CA/FractaMind/node_modules/jest-circus/build/run.js:252:3)\n    at _runTestsForDescribeBlock (/home/athanase-matabaro/Dev/CA/FractaMind/node_modules/jest-circus/build/run.js:126:9)\n    at _runTestsForDescribeBlock (/home/athanase-matabaro/Dev/CA/FractaMind/node_modules/jest-circus/build/run.js:121:9)\n    at _runTestsForDescribeBlock (/home/athanase-matabaro/Dev/CA/FractaMind/node_modules/jest-circus/build/run.js:121:9)\n    at run (/home/athanase-matabaro/Dev/CA/FractaMind/node_modules/jest-circus/build/run.js:71:3)\n    at runAndTransformResultsToJestFormat (/home/athanase-matabaro/Dev/CA/FractaMind/node_modules/jest-circus/build/legacy-code-todo-rewrite/jestAdapterInit.js:122:21)\n    at jestAdapter (/home/athanase-matabaro/Dev/CA/FractaMind/node_modules/jest-circus/build/legacy-code-todo-rewrite/jestAdapter.js:79:19)\n    at runTestInternal (/home/athanase-matabaro/Dev/CA/FractaMind/node_modules/jest-runner/build/runTest.js:367:16)\n    at runTest (/home/athanase-matabaro/Dev/CA/FractaMind/node_modules/jest-runner/build/runTest.js:444:34)\n    at Object.worker (/home/athanase-matabaro/Dev/CA/FractaMind/node_modules/jest-runner/build/testWorker.js:106:12)"],"fullName":"FractalSeed Props should accept custom size","invocations":1,"location":null,"numPassingAsserts":0,"retryReasons":[],"status":"failed","title":"should accept custom size"},{"ancestorTitles":["FractalSeed","Props"],"duration":21,"failureDetails":[{}],"failureMessages":["TypeError: window.matchMedia is not a function\n    at matchMedia (/home/athanase-matabaro/Dev/CA/FractaMind/src/components/FractalSeed/FractalSeed.jsx:43:16)\n    at renderWithHooks (/home/athanase-matabaro/Dev/CA/FractaMind/node_modules/react-dom/cjs/react-dom.development.js:15486:18)\n    at mountIndeterminateComponent (/home/athanase-matabaro/Dev/CA/FractaMind/node_modules/react-dom/cjs/react-dom.development.js:20103:13)\n    at beginWork (/home/athanase-matabaro/Dev/CA/FractaMind/node_modules/react-dom/cjs/react-dom.development.js:21626:16)\n    at beginWork$1 (/home/athanase-matabaro/Dev/CA/FractaMind/node_modules/react-dom/cjs/react-dom.development.js:27465:14)\n    at performUnitOfWork (/home/athanase-matabaro/Dev/CA/FractaMind/node_modules/react-dom/cjs/react-dom.development.js:26599:12)\n    at workLoopSync (/home/athanase-matabaro/Dev/CA/FractaMind/node_modules/react-dom/cjs/react-dom.development.js:26505:5)\n    at renderRootSync (/home/athanase-matabaro/Dev/CA/FractaMind/node_modules/react-dom/cjs/react-dom.development.js:26473:7)\n    at recoverFromConcurrentError (/home/athanase-matabaro/Dev/CA/FractaMind/node_modules/react-dom/cjs/react-dom.development.js:25889:20)\n    at performConcurrentWorkOnRoot (/home/athanase-matabaro/Dev/CA/FractaMind/node_modules/react-dom/cjs/react-dom.development.js:25789:22)\n    at flushActQueue (/home/athanase-matabaro/Dev/CA/FractaMind/node_modules/react/cjs/react.development.js:2667:24)\n    at act (/home/athanase-matabaro/Dev/CA/FractaMind/node_modules/react/cjs/react.development.js:2582:11)\n    at /home/athanase-matabaro/Dev/CA/FractaMind/node_modules/@testing-library/react/dist/act-compat.js:47:25\n    at renderRoot (/home/athanase-matabaro/Dev/CA/FractaMind/node_modules/@testing-library/react/dist/pure.js:190:26)\n    at render (/home/athanase-matabaro/Dev/CA/FractaMind/node_modules/@testing-library/react/dist/pure.js:292:10)\n    at Object.<anonymous> (/home/athanase-matabaro/Dev/CA/FractaMind/src/components/FractalSeed/FractalSeed.test.jsx:172:13)\n    at Promise.then.completed (/home/athanase-matabaro/Dev/CA/FractaMind/node_modules/jest-circus/build/utils.js:298:28)\n    at new Promise (<anonymous>)\n    at callAsyncCircusFn (/home/athanase-matabaro/Dev/CA/FractaMind/node_modules/jest-circus/build/utils.js:231:10)\n    at _callCircusTest (/home/athanase-matabaro/Dev/CA/FractaMind/node_modules/jest-circus/build/run.js:316:40)\n    at processTicksAndRejections (node:internal/process/task_queues:105:5)\n    at _runTest (/home/athanase-matabaro/Dev/CA/FractaMind/node_modules/jest-circus/build/run.js:252:3)\n    at _runTestsForDescribeBlock (/home/athanase-matabaro/Dev/CA/FractaMind/node_modules/jest-circus/build/run.js:126:9)\n    at _runTestsForDescribeBlock (/home/athanase-matabaro/Dev/CA/FractaMind/node_modules/jest-circus/build/run.js:121:9)\n    at _runTestsForDescribeBlock (/home/athanase-matabaro/Dev/CA/FractaMind/node_modules/jest-circus/build/run.js:121:9)\n    at run (/home/athanase-matabaro/Dev/CA/FractaMind/node_modules/jest-circus/build/run.js:71:3)\n    at runAndTransformResultsToJestFormat (/home/athanase-matabaro/Dev/CA/FractaMind/node_modules/jest-circus/build/legacy-code-todo-rewrite/jestAdapterInit.js:122:21)\n    at jestAdapter (/home/athanase-matabaro/Dev/CA/FractaMind/node_modules/jest-circus/build/legacy-code-todo-rewrite/jestAdapter.js:79:19)\n    at runTestInternal (/home/athanase-matabaro/Dev/CA/FractaMind/node_modules/jest-runner/build/runTest.js:367:16)\n    at runTest (/home/athanase-matabaro/Dev/CA/FractaMind/node_modules/jest-runner/build/runTest.js:444:34)\n    at Object.worker (/home/athanase-matabaro/Dev/CA/FractaMind/node_modules/jest-runner/build/testWorker.js:106:12)"],"fullName":"FractalSeed Props should accept custom color","invocations":1,"location":null,"numPassingAsserts":0,"retryReasons":[],"status":"failed","title":"should accept custom color"},{"ancestorTitles":["FractalSeed","Props"],"duration":59,"failureDetails":[{}],"failureMessages":["TypeError: window.matchMedia is not a function\n    at matchMedia (/home/athanase-matabaro/Dev/CA/FractaMind/src/components/FractalSeed/FractalSeed.jsx:43:16)\n    at renderWithHooks (/home/athanase-matabaro/Dev/CA/FractaMind/node_modules/react-dom/cjs/react-dom.development.js:15486:18)\n    at mountIndeterminateComponent (/home/athanase-matabaro/Dev/CA/FractaMind/node_modules/react-dom/cjs/react-dom.development.js:20103:13)\n    at beginWork (/home/athanase-matabaro/Dev/CA/FractaMind/node_modules/react-dom/cjs/react-dom.development.js:21626:16)\n    at beginWork$1 (/home/athanase-matabaro/Dev/CA/FractaMind/node_modules/react-dom/cjs/react-dom.development.js:27465:14)\n    at performUnitOfWork (/home/athanase-matabaro/Dev/CA/FractaMind/node_modules/react-dom/cjs/react-dom.development.js:26599:12)\n    at workLoopSync (/home/athanase-matabaro/Dev/CA/FractaMind/node_modules/react-dom/cjs/react-dom.development.js:26505:5)\n    at renderRootSync (/home/athanase-matabaro/Dev/CA/FractaMind/node_modules/react-dom/cjs/react-dom.development.js:26473:7)\n    at recoverFromConcurrentError (/home/athanase-matabaro/Dev/CA/FractaMind/node_modules/react-dom/cjs/react-dom.development.js:25889:20)\n    at performConcurrentWorkOnRoot (/home/athanase-matabaro/Dev/CA/FractaMind/node_modules/react-dom/cjs/react-dom.development.js:25789:22)\n    at flushActQueue (/home/athanase-matabaro/Dev/CA/FractaMind/node_modules/react/cjs/react.development.js:2667:24)\n    at act (/home/athanase-matabaro/Dev/CA/FractaMind/node_modules/react/cjs/react.development.js:2582:11)\n    at /home/athanase-matabaro/Dev/CA/FractaMind/node_modules/@testing-library/react/dist/act-compat.js:47:25\n    at renderRoot (/home/athanase-matabaro/Dev/CA/FractaMind/node_modules/@testing-library/react/dist/pure.js:190:26)\n    at render (/home/athanase-matabaro/Dev/CA/FractaMind/node_modules/@testing-library/react/dist/pure.js:292:10)\n    at Object.<anonymous> (/home/athanase-matabaro/Dev/CA/FractaMind/src/components/FractalSeed/FractalSeed.test.jsx:179:13)\n    at Promise.then.completed (/home/athanase-matabaro/Dev/CA/FractaMind/node_modules/jest-circus/build/utils.js:298:28)\n    at new Promise (<anonymous>)\n    at callAsyncCircusFn (/home/athanase-matabaro/Dev/CA/FractaMind/node_modules/jest-circus/build/utils.js:231:10)\n    at _callCircusTest (/home/athanase-matabaro/Dev/CA/FractaMind/node_modules/jest-circus/build/run.js:316:40)\n    at processTicksAndRejections (node:internal/process/task_queues:105:5)\n    at _runTest (/home/athanase-matabaro/Dev/CA/FractaMind/node_modules/jest-circus/build/run.js:252:3)\n    at _runTestsForDescribeBlock (/home/athanase-matabaro/Dev/CA/FractaMind/node_modules/jest-circus/build/run.js:126:9)\n    at _runTestsForDescribeBlock (/home/athanase-matabaro/Dev/CA/FractaMind/node_modules/jest-circus/build/run.js:121:9)\n    at _runTestsForDescribeBlock (/home/athanase-matabaro/Dev/CA/FractaMind/node_modules/jest-circus/build/run.js:121:9)\n    at run (/home/athanase-matabaro/Dev/CA/FractaMind/node_modules/jest-circus/build/run.js:71:3)\n    at runAndTransformResultsToJestFormat (/home/athanase-matabaro/Dev/CA/FractaMind/node_modules/jest-circus/build/legacy-code-todo-rewrite/jestAdapterInit.js:122:21)\n    at jestAdapter (/home/athanase-matabaro/Dev/CA/FractaMind/node_modules/jest-circus/build/legacy-code-todo-rewrite/jestAdapter.js:79:19)\n    at runTestInternal (/home/athanase-matabaro/Dev/CA/FractaMind/node_modules/jest-runner/build/runTest.js:367:16)\n    at runTest (/home/athanase-matabaro/Dev/CA/FractaMind/node_modules/jest-runner/build/runTest.js:444:34)\n    at Object.worker (/home/athanase-matabaro/Dev/CA/FractaMind/node_modules/jest-runner/build/testWorker.js:106:12)"],"fullName":"FractalSeed Props should use default props when not specified","invocations":1,"location":null,"numPassingAsserts":0,"retryReasons":[],"status":"failed","title":"should use default props when not specified"}],"endTime":1761801335878,"message":"  ● FractalSeed › Rendering › should render SVG with correct dimensions\n\n    TypeError: window.matchMedia is not a function\n\n      41 |       ? reducedMotion\n      42 |       : typeof window !== 'undefined'\n    > 43 |       ? window.matchMedia('(prefers-reduced-motion: reduce)').matches\n         |                ^\n      44 |       : false;\n      45 |\n      46 |   // Animation duration (faster if reduced motion)\n\n      at matchMedia (src/components/FractalSeed/FractalSeed.jsx:43:16)\n      at renderWithHooks (node_modules/react-dom/cjs/react-dom.development.js:15486:18)\n      at mountIndeterminateComponent (node_modules/react-dom/cjs/react-dom.development.js:20103:13)\n      at beginWork (node_modules/react-dom/cjs/react-dom.development.js:21626:16)\n      at beginWork$1 (node_modules/react-dom/cjs/react-dom.development.js:27465:14)\n      at performUnitOfWork (node_modules/react-dom/cjs/react-dom.development.js:26599:12)\n      at workLoopSync (node_modules/react-dom/cjs/react-dom.development.js:26505:5)\n      at renderRootSync (node_modules/react-dom/cjs/react-dom.development.js:26473:7)\n      at recoverFromConcurrentError (node_modules/react-dom/cjs/react-dom.development.js:25889:20)\n      at performConcurrentWorkOnRoot (node_modules/react-dom/cjs/react-dom.development.js:25789:22)\n      at flushActQueue (node_modules/react/cjs/react.development.js:2667:24)\n      at act (node_modules/react/cjs/react.development.js:2582:11)\n      at node_modules/@testing-library/react/dist/act-compat.js:47:25\n      at renderRoot (node_modules/@testing-library/react/dist/pure.js:190:26)\n      at render (node_modules/@testing-library/react/dist/pure.js:292:10)\n      at Object.<anonymous> (src/components/FractalSeed/FractalSeed.test.jsx:8:13)\n\n  ● FractalSeed › Rendering › should render with custom color\n\n    TypeError: window.matchMedia is not a function\n\n      41 |       ? reducedMotion\n      42 |       : typeof window !== 'undefined'\n    > 43 |       ? window.matchMedia('(prefers-reduced-motion: reduce)').matches\n         |                ^\n      44 |       : false;\n      45 |\n      46 |   // Animation duration (faster if reduced motion)\n\n      at matchMedia (src/components/FractalSeed/FractalSeed.jsx:43:16)\n      at renderWithHooks (node_modules/react-dom/cjs/react-dom.development.js:15486:18)\n      at mountIndeterminateComponent (node_modules/react-dom/cjs/react-dom.development.js:20103:13)\n      at beginWork (node_modules/react-dom/cjs/react-dom.development.js:21626:16)\n      at beginWork$1 (node_modules/react-dom/cjs/react-dom.development.js:27465:14)\n      at performUnitOfWork (node_modules/react-dom/cjs/react-dom.development.js:26599:12)\n      at workLoopSync (node_modules/react-dom/cjs/react-dom.development.js:26505:5)\n      at renderRootSync (node_modules/react-dom/cjs/react-dom.development.js:26473:7)\n      at recoverFromConcurrentError (node_modules/react-dom/cjs/react-dom.development.js:25889:20)\n      at performConcurrentWorkOnRoot (node_modules/react-dom/cjs/react-dom.development.js:25789:22)\n      at flushActQueue (node_modules/react/cjs/react.development.js:2667:24)\n      at act (node_modules/react/cjs/react.development.js:2582:11)\n      at node_modules/@testing-library/react/dist/act-compat.js:47:25\n      at renderRoot (node_modules/@testing-library/react/dist/pure.js:190:26)\n      at render (node_modules/@testing-library/react/dist/pure.js:292:10)\n      at Object.<anonymous> (src/components/FractalSeed/FractalSeed.test.jsx:17:13)\n\n  ● FractalSeed › Rendering › should have ARIA label\n\n    TypeError: window.matchMedia is not a function\n\n      41 |       ? reducedMotion\n      42 |       : typeof window !== 'undefined'\n    > 43 |       ? window.matchMedia('(prefers-reduced-motion: reduce)').matches\n         |                ^\n      44 |       : false;\n      45 |\n      46 |   // Animation duration (faster if reduced motion)\n\n      at matchMedia (src/components/FractalSeed/FractalSeed.jsx:43:16)\n      at renderWithHooks (node_modules/react-dom/cjs/react-dom.development.js:15486:18)\n      at mountIndeterminateComponent (node_modules/react-dom/cjs/react-dom.development.js:20103:13)\n      at beginWork (node_modules/react-dom/cjs/react-dom.development.js:21626:16)\n      at beginWork$1 (node_modules/react-dom/cjs/react-dom.development.js:27465:14)\n      at performUnitOfWork (node_modules/react-dom/cjs/react-dom.development.js:26599:12)\n      at workLoopSync (node_modules/react-dom/cjs/react-dom.development.js:26505:5)\n      at renderRootSync (node_modules/react-dom/cjs/react-dom.development.js:26473:7)\n      at recoverFromConcurrentError (node_modules/react-dom/cjs/react-dom.development.js:25889:20)\n      at performConcurrentWorkOnRoot (node_modules/react-dom/cjs/react-dom.development.js:25789:22)\n      at flushActQueue (node_modules/react/cjs/react.development.js:2667:24)\n      at act (node_modules/react/cjs/react.development.js:2582:11)\n      at node_modules/@testing-library/react/dist/act-compat.js:47:25\n      at renderRoot (node_modules/@testing-library/react/dist/pure.js:190:26)\n      at render (node_modules/@testing-library/react/dist/pure.js:292:10)\n      at Object.<anonymous> (src/components/FractalSeed/FractalSeed.test.jsx:24:13)\n\n  ● FractalSeed › Rendering › should render 6 nodes\n\n    TypeError: window.matchMedia is not a function\n\n      41 |       ? reducedMotion\n      42 |       : typeof window !== 'undefined'\n    > 43 |       ? window.matchMedia('(prefers-reduced-motion: reduce)').matches\n         |                ^\n      44 |       : false;\n      45 |\n      46 |   // Animation duration (faster if reduced motion)\n\n      at matchMedia (src/components/FractalSeed/FractalSeed.jsx:43:16)\n      at renderWithHooks (node_modules/react-dom/cjs/react-dom.development.js:15486:18)\n      at mountIndeterminateComponent (node_modules/react-dom/cjs/react-dom.development.js:20103:13)\n      at beginWork (node_modules/react-dom/cjs/react-dom.development.js:21626:16)\n      at beginWork$1 (node_modules/react-dom/cjs/react-dom.development.js:27465:14)\n      at performUnitOfWork (node_modules/react-dom/cjs/react-dom.development.js:26599:12)\n      at workLoopSync (node_modules/react-dom/cjs/react-dom.development.js:26505:5)\n      at renderRootSync (node_modules/react-dom/cjs/react-dom.development.js:26473:7)\n      at recoverFromConcurrentError (node_modules/react-dom/cjs/react-dom.development.js:25889:20)\n      at performConcurrentWorkOnRoot (node_modules/react-dom/cjs/react-dom.development.js:25789:22)\n      at flushActQueue (node_modules/react/cjs/react.development.js:2667:24)\n      at act (node_modules/react/cjs/react.development.js:2582:11)\n      at node_modules/@testing-library/react/dist/act-compat.js:47:25\n      at renderRoot (node_modules/@testing-library/react/dist/pure.js:190:26)\n      at render (node_modules/@testing-library/react/dist/pure.js:292:10)\n      at Object.<anonymous> (src/components/FractalSeed/FractalSeed.test.jsx:34:13)\n\n  ● FractalSeed › Rendering › should render 5 branches\n\n    TypeError: window.matchMedia is not a function\n\n      41 |       ? reducedMotion\n      42 |       : typeof window !== 'undefined'\n    > 43 |       ? window.matchMedia('(prefers-reduced-motion: reduce)').matches\n         |                ^\n      44 |       : false;\n      45 |\n      46 |   // Animation duration (faster if reduced motion)\n\n      at matchMedia (src/components/FractalSeed/FractalSeed.jsx:43:16)\n      at renderWithHooks (node_modules/react-dom/cjs/react-dom.development.js:15486:18)\n      at mountIndeterminateComponent (node_modules/react-dom/cjs/react-dom.development.js:20103:13)\n      at beginWork (node_modules/react-dom/cjs/react-dom.development.js:21626:16)\n      at beginWork$1 (node_modules/react-dom/cjs/react-dom.development.js:27465:14)\n      at performUnitOfWork (node_modules/react-dom/cjs/react-dom.development.js:26599:12)\n      at workLoopSync (node
[...]
enCalledWith(\n          |                                        ^\n       99 |         'fractamind:tone-preference',\n      100 |         'deep'\n      101 |       );\n\n      at Object.toHaveBeenCalledWith (src/components/ToneSelector/ToneSelector.test.jsx:98:40)\n\n  ● ToneSelector › Persistence › should load saved preference from localStorage\n\n    expect(element).toHaveAttribute(\"aria-checked\", \"true\") // element.getAttribute(\"aria-checked\") === \"true\"\n\n    Expected the element to have attribute:\n      aria-checked=\"true\"\n    Received:\n      aria-checked=\"false\"\n\n      108 |\n      109 |       const creativeButton = screen.getByRole('radio', { name: /creative/i });\n    > 110 |       expect(creativeButton).toHaveAttribute('aria-checked', 'true');\n          |                              ^\n      111 |     });\n      112 |\n      113 |     it('should emit custom event on tone change', () => {\n\n      at Object.toHaveAttribute (src/components/ToneSelector/ToneSelector.test.jsx:110:30)\n","name":"/home/athanase-matabaro/Dev/CA/FractaMind/src/components/ToneSelector/ToneSelector.test.jsx","startTime":1761801333141,"status":"failed","summary":""},{"assertionResults":[{"ancestorTitles":["OnboardPopover","Rendering"],"duration":63,"failureDetails":[],"failureMessages":[],"fullName":"OnboardPopover Rendering should not render when isOpen is false","invocations":1,"location":null,"numPassingAsserts":1,"retryReasons":[],"status":"passed","title":"should not render when isOpen is false"},{"ancestorTitles":["OnboardPopover","Rendering"],"duration":162,"failureDetails":[],"failureMessages":[],"fullName":"OnboardPopover Rendering should render when isOpen is true","invocations":1,"location":null,"numPassingAsserts":1,"retryReasons":[],"status":"passed","title":"should render when isOpen is true"},{"ancestorTitles":["OnboardPopover","Rendering"],"duration":54,"failureDetails":[],"failureMessages":[],"fullName":"OnboardPopover Rendering should render title","invocations":1,"location":null,"numPassingAsserts":1,"retryReasons":[],"status":"passed","title":"should render title"},{"ancestorTitles":["OnboardPopover","Rendering"],"duration":77,"failureDetails":[],"failureMessages":[],"fullName":"OnboardPopover Rendering should render textarea with label","invocations":1,"location":null,"numPassingAsserts":1,"retryReasons":[],"status":"passed","title":"should render textarea with label"},{"ancestorTitles":["OnboardPopover","Rendering"],"duration":45,"failureDetails":[],"failureMessages":[],"fullName":"OnboardPopover Rendering should render examples carousel","invocations":1,"location":null,"numPassingAsserts":1,"retryReasons":[],"status":"passed","title":"should render examples carousel"},{"ancestorTitles":["OnboardPopover","Rendering"],"duration":50,"failureDetails":[],"failureMessages":[],"fullName":"OnboardPopover Rendering should render tone selector","invocations":1,"location":null,"numPassingAsserts":1,"retryReasons":[],"status":"passed","title":"should render tone selector"},{"ancestorTitles":["OnboardPopover","Rendering"],"duration":116,"failureDetails":[],"failureMessages":[],"fullName":"OnboardPopover Rendering should render submit button","invocations":1,"location":null,"numPassingAsserts":1,"retryReasons":[],"status":"passed","title":"should render submit button"},{"ancestorTitles":["OnboardPopover","Rendering"],"duration":57,"failureDetails":[],"failureMessages":[],"fullName":"OnboardPopover Rendering should render cancel button","invocations":1,"location":null,"numPassingAsserts":1,"retryReasons":[],"status":"passed","title":"should render cancel button"},{"ancestorTitles":["OnboardPopover","Close Behavior"],"duration":39,"failureDetails":[],"failureMessages":[],"fullName":"OnboardPopover Close Behavior should call onClose when close button is clicked","invocations":1,"location":null,"numPassingAsserts":1,"retryReasons":[],"status":"passed","title":"should call onClose when close button is clicked"},{"ancestorTitles":["OnboardPopover","Close Behavior"],"duration":52,"failureDetails":[],"failureMessages":[],"fullName":"OnboardPopover Close Behavior should call onClose when cancel button is clicked","invocations":1,"location":null,"numPassingAsserts":1,"retryReasons":[],"status":"passed","title":"should call onClose when cancel button is clicked"},{"ancestorTitles":["OnboardPopover","Close Behavior"],"duration":30,"failureDetails":[],"failureMessages":[],"fullName":"OnboardPopover Close Behavior should call onClose when backdrop is clicked","invocations":1,"location":null,"numPassingAsserts":1,"retryReasons":[],"status":"passed","title":"should call onClose when backdrop is clicked"},{"ancestorTitles":["OnboardPopover","Close Behavior"],"duration":18,"failureDetails":[],"failureMessages":[],"fullName":"OnboardPopover Close Behavior should not close when popover content is clicked","invocations":1,"location":null,"numPassingAsserts":1,"retryReasons":[],"status":"passed","title":"should not close when popover content is clicked"},{"ancestorTitles":["OnboardPopover","Text Input"],"duration":44,"failureDetails":[],"failureMessages":[],"fullName":"OnboardPopover Text Input should update text on textarea change","invocations":1,"location":null,"numPassingAsserts":1,"retryReasons":[],"status":"passed","title":"should update text on textarea change"},{"ancestorTitles":["OnboardPopover","Text Input"],"duration":50,"failureDetails":[],"failureMessages":[],"fullName":"OnboardPopover Text Input should disable submit button when text is empty","invocations":1,"location":null,"numPassingAsserts":1,"retryReasons":[],"status":"passed","title":"should disable submit button when text is empty"},{"ancestorTitles":["OnboardPopover","Text Input"],"duration":53,"failureDetails":[],"failureMessages":[],"fullName":"OnboardPopover Text Input should enable submit button when text is not empty","invocations":1,"location":null,"numPassingAsserts":1,"retryReasons":[],"status":"passed","title":"should enable submit button when text is not empty"},{"ancestorTitles":["OnboardPopover","Demo Mode"],"duration":4371,"failureDetails":[{}],"failureMessages":["TypeError: window.matchMedia is not a function\n    at matchMedia (/home/athanase-matabaro/Dev/CA/FractaMind/src/components/FractalSeed/FractalSeed.jsx:43:16)\n    at renderWithHooks (/home/athanase-matabaro/Dev/CA/FractaMind/node_modules/react-dom/cjs/react-dom.development.js:15486:18)\n    at mountIndeterminateComponent (/home/athanase-matabaro/Dev/CA/FractaMind/node_modules/react-dom/cjs/react-dom.development.js:20103:13)\n    at beginWork (/home/athanase-matabaro/Dev/CA/FractaMind/node_modules/react-dom/cjs/react-dom.development.js:21626:16)\n    at beginWork$1 (/home/athanase-matabaro/Dev/CA/FractaMind/node_modules/react-dom/cjs/react-dom.development.js:27465:14)\n    at performUnitOfWork (/home/athanase-matabaro/Dev/CA/FractaMind/node_modules/react-dom/cjs/react-dom.development.js:26599:12)\n    at workLoopSync (/home/athanase-matabaro/Dev/CA/FractaMind/node_modules/react-dom/cjs/react-dom.development.js:26505:5)\n    at renderRootSync (/home/athanase-matabaro/Dev/CA/FractaMind/node_modules/react-dom/cjs/react-dom.development.js:26473:7)\n    at recoverFromConcurrentError (/home/athanase-matabaro/Dev/CA/FractaMind/node_modules/react-dom/cjs/react-dom.development.js:25889:20)\n    at performConcurrentWorkOnRoot (/home/athanase-matabaro/Dev/CA/FractaMind/node_modules/react-dom/cjs/react-dom.development.js:25789:22)\n    at workLoop (/home/athanase-matabaro/Dev/CA/FractaMind/node_modules/scheduler/cjs/scheduler.development.js:266:34)\n    at flushWork (/home/athanase-matabaro/Dev/CA/FractaMind/node_modules/scheduler/cjs/scheduler.development.js:239:14)\n    at performWorkUntilDeadline (/home/athanase-matabaro/Dev/CA/FractaMind/node_modules/scheduler/cjs/scheduler.development.js:533:21)\n    at Timeout.task [as _onTimeout] (/home/athanase-matabaro/Dev/CA/FractaMind/node_modules/jsdom/lib/jsdom/browser/Window.js:520:19)\n    at listOnTimeout (node:internal/timers:608:17)\n    at processTimers (node:internal/timers:543:7)"],"fullName":"OnboardPopover Demo Mode should use demo mode by default","invocations":1,"location":null,"numPassingAsserts":2,"retryReasons":[],"status":"failed","title":"should use demo mode by default"},{"ancestorTitles":["OnboardPopover","Demo Mode"],"duration":1091,"failureDetails":[{},{"message":"expect(received).toBeInTheDocument()\n\nreceived value must be an HTMLElement or an SVGElement.\nReceived has value: null\n\nIgnored nodes: comments, script, style\n\u001b[36m<html>\u001b[39m\n  \u001b[36m<head />\u001b[39m\n  \u001b[36m<body>\u001b[39m\n    \u001b[36m<div />\u001b[39m\n  \u001b[36m</body>\u001b[39m\n\u001b[36m</html>\u001b[39m"}],"failureMessages":["TypeError: window.matchMedia is not a function\n    at matchMedia (/home/athanase-matabaro/Dev/CA/FractaMind/src/components/FractalSeed/FractalSeed.jsx:43:16)\n    at renderWithHooks (/home/athanase-matabaro/Dev/CA/FractaMind/node_modules/react-dom/cjs/react-dom.development.js:15486:18)\n    at mountIndeterminateComponent (/home/athanase-matabaro/Dev/CA/FractaMind/node_modules/react-dom/cjs/react-dom.development.js:20103:13)\n    at beginWork (/home/athanase-matabaro/Dev/CA/FractaMind/node_modules/react-dom/cjs/react-dom.development.js:21626:16)\n    at beginWork$1 (/home/athanase-matabaro/Dev/CA/FractaMind/node_modules/react-dom/cjs/react-dom.development.js:27465:14)\n    at performUnitOfWork (/home/athanase-matabaro/Dev/CA/FractaMind/node_modules/react-dom/cjs/react-dom.development.js:26599:12)\n    at workLoopSync (/home/athanase-matabaro/Dev/CA/FractaMind/node_modules/react-dom/cjs/react-dom.development.js:26505:5)\n    at renderRootSync (/home/athanase-matabaro/Dev/CA/FractaMind/node_modules/react-dom/cjs/react-dom.development.js:26473:7)\n    at recoverFromConcurrentError (/home/athanase-matabaro/Dev/CA/FractaMind/node_modules/react-dom/cjs/react-dom.development.js:25889:20)\n    at performConcurrentWorkOnRoot (/home/athanase-matabaro/Dev/CA/FractaMind/node_modules/react-dom/cjs/react-dom.development.js:25789:22)\n    at workLoop (/home/athanase-matabaro/Dev/CA/FractaMind/node_modules/scheduler/cjs/scheduler.development.js:266:34)\n    at flushWork (/home/athanase-matabaro/Dev/CA/FractaMind/node_modules/scheduler/cjs/scheduler.development.js:239:14)\n    at performWorkUntilDeadline (/home/athanase-matabaro/Dev/CA/FractaMind/node_modules/scheduler/cjs/scheduler.development.js:533:21)\n    at Timeout.task [as _onTimeout] (/home/athanase-matabaro/Dev/CA/FractaMind/node_modules/jsdom/lib/jsdom/browser/Window.js:520:19)\n    at listOnTimeout (node:internal/timers:608:17)\n    at processTimers (node:internal/timers:543:7)","Error: expect(received).toBeInTheDocument()\n\nreceived value must be an HTMLElement or an SVGElement.\nReceived has value: null\n\nIgnored nodes: comments, script, style\n\u001b[36m<html>\u001b[39m\n  \u001b[36m<head />\u001b[39m\n  \u001b[36m<body>\u001b[39m\n    \u001b[36m<div />\u001b[39m\n  \u001b[36m</body>\u001b[39m\n\u001b[36m</html>\u001b[39m\n    at __EXTERNAL_MATCHER_TRAP__ (/home/athanase-matabaro/Dev/CA/FractaMind/node_modules/expect/build/index.js:325:30)\n    at Object.throwingMatcher [as toBeInTheDocument] (/home/athanase-matabaro/Dev/CA/FractaMind/node_modules/expect/build/index.js:326:15)\n    at toBeInTheDocument (/home/athanase-matabaro/Dev/CA/FractaMind/src/components/OnboardPopover/OnboardPopover.test.jsx:292:22)\n    at runWithExpensiveErrorDiagnosticsDisabled (/home/athanase-matabaro/Dev/CA/FractaMind/node_modules/@testing-library/dom/dist/config.js:47:12)\n    at checkCallback (/home/athanase-matabaro/Dev/CA/FractaMind/node_modules/@testing-library/dom/dist/wait-for.js:124:77)\n    at checkRealTimersCallback (/home/athanase-matabaro/Dev/CA/FractaMind/node_modules/@testing-library/dom/dist/wait-for.js:118:16)\n    at Timeout.task [as _onTimeout] (/home/athanase-matabaro/Dev/CA/FractaMind/node_modules/jsdom/lib/jsdom/browser/Window.js:520:19)\n    at listOnTimeout (node:internal/timers:608:17)\n    at processTimers (node:internal/timers:543:7)"],"fullName":"OnboardPopover Demo Mode should show FractalSeed during processing","invocations":1,"location":null,"numPassingAsserts":0,"retryReasons":[],"status":"failed","title":"should show FractalSeed during processing"},{"ancestorTitles":["OnboardPopover","Example Selection"],"duration":81,"failureDetails":[],"failureMessages":[],"fullName":"OnboardPopover Example Selection should auto-fill textarea when example is selected","invocations":1,"location":null,"numPassingAsserts":1,"retryReasons":[],"status":"passed","title":"should auto-fill textarea when example is selected"},{"ancestorTitles":["OnboardPopover","Tone Selection"],"duration":80,"failureDetails":[],"failureMessages":[],"fullName":"OnboardPopover Tone Selection should track selected tone","invocations":1,"location":null,"numPassingAsserts":1,"retryReasons":[],"status":"passed","title":"should track selected tone"},{"ancestorTitles":["OnboardPopover","Error Handling"],"duration":45,"failureDetails":[],"failureMessages":[],"fullName":"OnboardPopover Error Handling should show error when submitting empty text","invocations":1,"location":null,"numPassingAsserts":1,"retryReasons":[],"status":"passed","title":"should show error when submitting empty text"},{"ancestorTitles":["OnboardPopover","Error Handling"],"duration":61,"failureDetails":[],"failureMessages":[],"fullName":"OnboardPopover Error Handling should show error when import fails","invocations":1,"location":null,"numPassingAsserts":1,"retryReasons":[],"status":"passed","title":"should show error when import fails"},{"ancestorTitles":["OnboardPopover","Accessibility"],"duration":12,"failureDetails":[],"failureMessages":[],"fullName":"OnboardPopover Accessibility should have dialog role and aria-modal","invocations":1,"location":null,"numPassingAsserts":1,"retryReasons":[],"status":"passed","title":"should have dialog role and aria-modal"},{"ancestorTitles":["OnboardPopover","Accessibility"],"duration":13,"failureDetails":[],"failureMessages":[],"fullName":"OnboardPopover Accessibility should have aria-labelledby referencing title","invocations":1,"location":null,"numPassingAsserts":2,"retryReasons":[],"status":"passed","title":"should have aria-labelledby referencing title"},{"ancestorTitles":["OnboardPopover","Accessibility"],"duration":10,"failureDetails":[],"failureMessages":[],"fullName":"OnboardPopover Accessibility should have aria-required on textarea","invocations":1,"location":null,"numPassingAsserts":1,"retryReasons":[],"status":"passed","title":"should have aria-required on textarea"},{"ancestorTitles":["OnboardPopover","Accessibility"],"duration":14,"failureDetails":[],"failureMessages":[],"fullName":"OnboardPopover Accessibility should have aria-describedby for privacy hint","invocations":1,"location":null,"numPassingAsserts":2,"retryReasons":[],"status":"passed","title":"should have aria-describedby for privacy hint"}],"endTime":1761801342155,"message":"  ● OnboardPopover › Demo Mode › should use demo mode by default\n\n    TypeError: window.matchMedia is not a function\n\n      41 |       ? reducedMotion\n      42 |       : typeof window !== 'undefined'\n    > 43 |       ? window.matchMedia('(prefers-reduced-motion: reduce)').matches\n         |                ^\n      44 |       : false;\n      45 |\n      46 |   // Animation duration (faster if reduced motion)\n\n      at matchMedia (src/components/FractalSeed/FractalSeed.jsx:43:16)\n      at renderWithHooks (node_modules/react-dom/cjs/react-dom.development.js:15486:18)\n      at mountIndeterminateComponent (node_modules/react-dom/cjs/react-dom.development.js:20103:13)\n      at beginWork (node_modules/react-dom/cjs/react-dom.development.js:21626:16)\n      at beginWork$1 (node_modules/react-dom/cjs/react-dom.development.js:27465:14)\n      at performUnitOfWork (node_modules/react-dom/cjs/react-dom.development.js:26599:12)\n      at workLoopSync (node_modules/react-dom/cjs/react-dom.development.js:26505:5)\n      at renderRootSync (node_modules/react-dom/cjs/react-dom.development.js:26473:7)\n      at recoverFromConcurrentError (node_modules/react-dom/cjs/react-dom.development.js:25889:20)\n      at performConcurrentWorkOnRoot (node_modules/react-dom/cjs/react-dom.development.js:25789:22)\n      at workLoop (node_modules/scheduler/cjs/scheduler.development.js:266:34)\n      at flushWork (node_modules/scheduler/cjs/scheduler.development.js:239:14)\n      at performWorkUntilDeadline (node_modules/scheduler/cjs/scheduler.development.js:533:21)\n      at Timeout.task [as _onTimeout] (node_modules/jsdom/lib/jsdom/browser/Window.js:520:19)\n\n  ● OnboardPopover › Demo Mode › should show FractalSeed during processing\n\n    TypeError: window.matchMedia is not a function\n\n      41 |       ? reducedMotion\n      42 |       : typeof window !== 'undefined'\n    > 43 |       ? window.matchMedia('(prefers-reduced-motion: reduce)').matches\n         |                ^\n      44 |       : false;\n      45 |\n      46 |   // Animation duration (faster if reduced motion)\n\n      at matchMedia (src/components/FractalSeed/FractalSeed.jsx:43:16)\n      at renderWithHooks (node_modules/react-dom/cjs/react-dom.development.js:15486:18)\n      at mountIndeterminateComponent (node_modules/react-dom/cjs/react-dom.development.js:20103:13)\n      at beginWork (node_modules/react-dom/cjs/react-dom.development.js:21626:16)\n      at beginWork$1 (node_modules/react-dom/cjs/react-dom.development.js:27465:14)\n      at performUnitOfWork (node_modules/react-dom/cjs/react-dom.development.js:26599:12)\n      at workLoopSync (node_modules/react-dom/cjs/react-dom.development.js:26505:5)\n      at renderRootSync (node_modules/react-dom/cjs/react-dom.development.js:26473:7)\n      at recoverFromConcurrentError (node_modules/react-dom/cjs/react-dom.development.js:25889:20)\n      at performConcurrentWorkOnRoot (node_modules/react-dom/cjs/react-dom.development.js:25789:22)\n      at workLoop (node_modules/scheduler/cjs/scheduler.development.js:266:34)\n      at flushWork (node_modules/scheduler/cjs/scheduler.development.js:239:14)\n      at performWorkUntilDeadline (node_modules/scheduler/cjs/scheduler.development.js:533:21)\n      at Timeout.task [as _onTimeout] (node_modules/jsdom/lib/jsdom/browser/Window.js:520:19)\n\n  ● OnboardPopover › Demo Mode › should show FractalSeed during processing\n\n    expect(received).toBeInTheDocument()\n\n    received value must be an HTMLElement or an SVGElement.\n    Received has value: null\n\n    Ignored nodes: comments, script, style\n    \u001b[36m<html>\u001b[39m\n      \u001b[36m<head />\u001b[39m\n      \u001b[36m<body>\u001b[39m\n        \u001b[36m<div />\u001b[39m\n      \u001b[36m</body>\u001b[39m\n    \u001b[36m</html>\u001b[39m\n\n      290 |       await waitFor(() => {\n      291 |         const seed = document.querySelector('.onboard-seed');\n    > 292 |         expect(seed).toBeInTheDocument();\n          |                      ^\n      293 |       });\n      294 |     });\n      295 |   });\n\n      at __EXTERNAL_MATCHER_TRAP__ (node_modules/expect/build/index.js:325:30)\n      at Object.throwingMatcher [as toBeInTheDocument] (node_modules/expect/build/index.js:326:15)\n      at toBeInTheDocument (src/components/OnboardPopover/OnboardPopover.test.jsx:292:22)\n      at runWithExpensiveErrorDiagnosticsDisabled (node_modules/@testing-library/dom/dist/config.js:47:12)\n      at checkCallback (node_modules/@testing-library/dom/dist/wait-for.js:124:77)\n      at checkRealTimersCallback (node_modules/@testing-library/dom/dist/wait-for.js:118:16)\n      at Timeout.task [as _onTimeout] (node_modules/jsdom/lib/jsdom/browser/Window.js:520:19)\n","name":"/home/athanase-matabaro/Dev/CA/FractaMind/src/components/OnboardPopover/OnboardPopover.test.jsx","startTime":1761801333121,"status":"failed","summary":""}],"wasInterrupted":false}
